#
# There is insufficient memory for the Java Runtime Environment to continue.
# Native memory allocation (malloc) failed to allocate 962816 bytes for Chunk::new
# Possible reasons:
#   The system is out of physical RAM or swap space
#   The process is running with CompressedOops enabled, and the Java Heap may be blocking the growth of the native heap
# Possible solutions:
#   Reduce memory load on the system
#   Increase physical memory or swap space
#   Check if swap backing store is full
#   Decrease Java heap size (-Xmx/-Xms)
#   Decrease number of Java threads
#   Decrease Java thread stack sizes (-Xss)
#   Set larger code cache with -XX:ReservedCodeCacheSize=
#   JVM is running with Unscaled Compressed Oops mode in which the Java heap is
#     placed in the first 4GB address space. The Java Heap base address is the
#     maximum limit for the native heap growth. Please use -XX:HeapBaseMinAddress
#     to set the Java Heap base and to place the Java Heap above 4GB virtual address.
# This output file may be truncated or incomplete.
#
#  Out of Memory Error (./src/hotspot/share/memory/arena.cpp:197), pid=14472, tid=9328
#
# JRE version: OpenJDK Runtime Environment (11.0.11+9) (build 11.0.11+9-b60-7590822)
# Java VM: OpenJDK 64-Bit Server VM (11.0.11+9-b60-7590822, mixed mode, tiered, compressed oops, g1 gc, windows-amd64)
# No core dump will be written. Minidumps are not enabled by default on client versions of Windows
#

---------------  S U M M A R Y ------------

Command Line: --add-opens=java.base/java.util=ALL-UNNAMED --add-opens=java.base/java.lang=ALL-UNNAMED --add-opens=java.base/java.lang.invoke=ALL-UNNAMED --add-opens=java.base/java.util=ALL-UNNAMED --add-opens=java.prefs/java.util.prefs=ALL-UNNAMED --add-opens=java.prefs/java.util.prefs=ALL-UNNAMED --add-opens=java.base/java.nio.charset=ALL-UNNAMED --add-opens=java.base/java.net=ALL-UNNAMED --add-opens=java.base/java.util.concurrent.atomic=ALL-UNNAMED -Xmx2048m -Dfile.encoding=UTF-8 -Duser.country=IN -Duser.language=en -Duser.variant org.gradle.launcher.daemon.bootstrap.GradleDaemon 7.2

Host: Intel(R) Core(TM) i5-5300U CPU @ 2.30GHz, 4 cores, 7G,  Windows 10 , 64 bit Build 19041 (10.0.19041.1645)
Time: Wed Apr 20 12:51:40 2022 India Standard Time elapsed time: 40.978909 seconds (0d 0h 0m 40s)

---------------  T H R E A D  ---------------

Current thread (0x000001a921540000):  JavaThread "C2 CompilerThread1" daemon [_thread_in_native, id=9328, stack(0x000000897b900000,0x000000897ba00000)]


Current CompileTask:
C2:  40979 12917       4       java.net.URLClassLoader$1::run (5 bytes)

Stack: [0x000000897b900000,0x000000897ba00000]
Native frames: (J=compiled Java code, j=interpreted, Vv=VM code, C=native code)
V  [jvm.dll+0x5f214a]
V  [jvm.dll+0x726fb5]
V  [jvm.dll+0x7285cd]
V  [jvm.dll+0x728c83]
V  [jvm.dll+0x243278]
V  [jvm.dll+0xbc53c]
V  [jvm.dll+0xbca3c]
V  [jvm.dll+0x2b5c34]
V  [jvm.dll+0x508488]
V  [jvm.dll+0x203d53]
V  [jvm.dll+0x1fdbac]
V  [jvm.dll+0x1fb35f]
V  [jvm.dll+0x183d6c]
V  [jvm.dll+0x209a57]
V  [jvm.dll+0x2082a1]
V  [jvm.dll+0x6ef58f]
V  [jvm.dll+0x6e80b5]
V  [jvm.dll+0x5f1036]
C  [ucrtbase.dll+0x21bb2]
C  [KERNEL32.DLL+0x17034]
C  [ntdll.dll+0x52651]


---------------  P R O C E S S  ---------------

Threads class SMR info:
_java_thread_list=0x000001a9259e6ee0, length=79, elements={
0x000001a90394d800, 0x000001a91d532000, 0x000001a91d535800, 0x000001a91d54f000,
0x000001a91d551000, 0x000001a91d553000, 0x000001a91d556000, 0x000001a91d562800,
0x000001a91d566000, 0x000001a91e002800, 0x000001a91f27e800, 0x000001a92030e800,
0x000001a9204ae800, 0x000001a91fce5800, 0x000001a920207000, 0x000001a920208000,
0x000001a9205de000, 0x000001a920608800, 0x000001a92005d800, 0x000001a91e2c0000,
0x000001a91e2bd800, 0x000001a91e2c2000, 0x000001a91e2c3000, 0x000001a91e2c4000,
0x000001a91e2be000, 0x000001a91e2bf000, 0x000001a91f99f000, 0x000001a91f99e000,
0x000001a91f99f800, 0x000001a91f9a2000, 0x000001a91f9a3000, 0x000001a91f99d000,
0x000001a91f9a3800, 0x000001a91f9a5800, 0x000001a91f9a8800, 0x000001a91f9ab000,
0x000001a91f9a7000, 0x000001a91f9a8000, 0x000001a91f575000, 0x000001a91f577800,
0x000001a91f576000, 0x000001a91f57a000, 0x000001a91f578800, 0x000001a91f576800,
0x000001a91f579000, 0x000001a91f574800, 0x000001a91f580800, 0x000001a91f57b000,
0x000001a91f57f800, 0x000001a91f57d000, 0x000001a91f57e000, 0x000001a91f57b800,
0x000001a91f581800, 0x000001a91f57f000, 0x000001a91f582000, 0x000001a91f57c800,
0x000001a91f583000, 0x000001a92118a000, 0x000001a92118f000, 0x000001a92118c800,
0x000001a92118f800, 0x000001a92118a800, 0x000001a92118d000, 0x000001a921191800,
0x000001a92118e000, 0x000001a921190800, 0x000001a92118b800, 0x000001a921194800,
0x000001a921192000, 0x000001a921195800, 0x000001a921193800, 0x000001a921196000,
0x000001a921197000, 0x000001a921193000, 0x000001a921198000, 0x000001a921198800,
0x000001a92153a800, 0x000001a921541000, 0x000001a921540000
}

Java Threads: ( => current thread )
  0x000001a90394d800 JavaThread "main" [_thread_blocked, id=15336, stack(0x0000008975f00000,0x0000008976000000)]
  0x000001a91d532000 JavaThread "Reference Handler" daemon [_thread_blocked, id=11136, stack(0x0000008976600000,0x0000008976700000)]
  0x000001a91d535800 JavaThread "Finalizer" daemon [_thread_blocked, id=6476, stack(0x0000008976700000,0x0000008976800000)]
  0x000001a91d54f000 JavaThread "Signal Dispatcher" daemon [_thread_blocked, id=15948, stack(0x0000008976800000,0x0000008976900000)]
  0x000001a91d551000 JavaThread "Attach Listener" daemon [_thread_blocked, id=3904, stack(0x0000008976900000,0x0000008976a00000)]
  0x000001a91d553000 JavaThread "Service Thread" daemon [_thread_blocked, id=15508, stack(0x0000008976a00000,0x0000008976b00000)]
  0x000001a91d556000 JavaThread "C2 CompilerThread0" daemon [_thread_in_native, id=15656, stack(0x0000008976b00000,0x0000008976c00000)]
  0x000001a91d562800 JavaThread "C1 CompilerThread0" daemon [_thread_blocked, id=7356, stack(0x0000008976c00000,0x0000008976d00000)]
  0x000001a91d566000 JavaThread "Sweeper thread" daemon [_thread_blocked, id=7448, stack(0x0000008976d00000,0x0000008976e00000)]
  0x000001a91e002800 JavaThread "Common-Cleaner" daemon [_thread_blocked, id=2840, stack(0x0000008976e00000,0x0000008976f00000)]
  0x000001a91f27e800 JavaThread "Daemon health stats" [_thread_blocked, id=8856, stack(0x0000008977300000,0x0000008977400000)]
  0x000001a92030e800 JavaThread "Incoming local TCP Connector on port 58829" [_thread_in_native, id=14088, stack(0x0000008977000000,0x0000008977100000)]
  0x000001a9204ae800 JavaThread "Daemon periodic checks" [_thread_blocked, id=2160, stack(0x0000008977400000,0x0000008977500000)]
  0x000001a91fce5800 JavaThread "Daemon" [_thread_blocked, id=14684, stack(0x0000008977500000,0x0000008977600000)]
  0x000001a920207000 JavaThread "Handler for socket connection from /127.0.0.1:58829 to /127.0.0.1:58830" [_thread_in_native, id=5660, stack(0x0000008977600000,0x0000008977700000)]
  0x000001a920208000 JavaThread "Cancel handler" [_thread_blocked, id=5520, stack(0x0000008977700000,0x0000008977800000)]
  0x000001a9205de000 JavaThread "Daemon worker" [_thread_in_vm, id=15684, stack(0x0000008977800000,0x0000008977900000)]
  0x000001a920608800 JavaThread "Asynchronous log dispatcher for DefaultDaemonConnection: socket connection from /127.0.0.1:58829 to /127.0.0.1:58830" [_thread_blocked, id=3156, stack(0x0000008977900000,0x0000008977a00000)]
  0x000001a92005d800 JavaThread "Stdin handler" [_thread_blocked, id=11568, stack(0x0000008977a00000,0x0000008977b00000)]
  0x000001a91e2c0000 JavaThread "Daemon client event forwarder" [_thread_blocked, id=9128, stack(0x0000008977b00000,0x0000008977c00000)]
  0x000001a91e2bd800 JavaThread "Cache worker for journal cache (C:\Users\Hi\.gradle\caches\journal-1)" [_thread_blocked, id=14184, stack(0x0000008977d00000,0x0000008977e00000)]
  0x000001a91e2c2000 JavaThread "File lock request listener" [_thread_in_native, id=7728, stack(0x0000008977e00000,0x0000008977f00000)]
  0x000001a91e2c3000 JavaThread "Cache worker for file hash cache (C:\Users\Hi\.gradle\caches\7.2\fileHashes)" [_thread_blocked, id=4188, stack(0x0000008977f00000,0x0000008978000000)]
  0x000001a91e2c4000 JavaThread "Cache worker for file hash cache (C:\Users\Hi\AndroidStudioProjects\EntryPass_EntroLabs\.gradle\7.2\fileHashes)" [_thread_blocked, id=14136, stack(0x0000008978100000,0x0000008978200000)]
  0x000001a91e2be000 JavaThread "File watcher server" daemon [_thread_in_native, id=15020, stack(0x0000008978200000,0x0000008978300000)]
  0x000001a91e2bf000 JavaThread "File watcher consumer" daemon [_thread_blocked, id=7312, stack(0x0000008978300000,0x0000008978400000)]
  0x000001a91f99f000 JavaThread "jar transforms" [_thread_blocked, id=10172, stack(0x0000008978400000,0x0000008978500000)]
  0x000001a91f99e000 JavaThread "jar transforms Thread 2" [_thread_blocked, id=16132, stack(0x0000008978500000,0x0000008978600000)]
  0x000001a91f99f800 JavaThread "jar transforms Thread 3" [_thread_blocked, id=12636, stack(0x0000008978600000,0x0000008978700000)]
  0x000001a91f9a2000 JavaThread "jar transforms Thread 4" [_thread_blocked, id=1928, stack(0x0000008978700000,0x0000008978800000)]
  0x000001a91f9a3000 JavaThread "Cache worker for checksums cache (C:\Users\Hi\AndroidStudioProjects\EntryPass_EntroLabs\.gradle\checksums)" [_thread_blocked, id=14204, stack(0x0000008978000000,0x0000008978100000)]
  0x000001a91f99d000 JavaThread "Cache worker for cache directory md-supplier (C:\Users\Hi\.gradle\caches\7.2\md-supplier)" [_thread_blocked, id=15696, stack(0x0000008978800000,0x0000008978900000)]
  0x000001a91f9a3800 JavaThread "Cache worker for cache directory md-rule (C:\Users\Hi\.gradle\caches\7.2\md-rule)" [_thread_blocked, id=13080, stack(0x0000008978a00000,0x0000008978b00000)]
  0x000001a91f9a5800 JavaThread "Cache worker for execution history cache (C:\Users\Hi\.gradle\caches\7.2\executionHistory)" [_thread_blocked, id=16024, stack(0x0000008978b00000,0x0000008978c00000)]
  0x000001a91f9a8800 JavaThread "Cache worker for file content cache (C:\Users\Hi\.gradle\caches\7.2\fileContent)" [_thread_blocked, id=1564, stack(0x0000008978c00000,0x0000008978d00000)]
  0x000001a91f9ab000 JavaThread "Cache worker for dependencies-accessors (C:\Users\Hi\AndroidStudioProjects\EntryPass_EntroLabs\.gradle\7.2\dependencies-accessors)" [_thread_blocked, id=13544, stack(0x0000008978d00000,0x0000008978e00000)]
  0x000001a91f9a7000 JavaThread "Cache worker for Build Output Cleanup Cache (C:\Users\Hi\AndroidStudioProjects\EntryPass_EntroLabs\.gradle\buildOutputCleanup)" [_thread_blocked, id=13224, stack(0x0000008978e00000,0x0000008978f00000)]
  0x000001a91f9a8000 JavaThread "Unconstrained build operations" [_thread_blocked, id=6736, stack(0x0000008978f00000,0x0000008979000000)]
  0x000001a91f575000 JavaThread "Unconstrained build operations Thread 2" [_thread_blocked, id=7044, stack(0x0000008979000000,0x0000008979100000)]
  0x000001a91f577800 JavaThread "Unconstrained build operations Thread 3" [_thread_blocked, id=4104, stack(0x0000008979100000,0x0000008979200000)]
  0x000001a91f576000 JavaThread "Unconstrained build operations Thread 4" [_thread_blocked, id=10360, stack(0x0000008979200000,0x0000008979300000)]
  0x000001a91f57a000 JavaThread "Unconstrained build operations Thread 5" [_thread_blocked, id=13732, stack(0x0000008979300000,0x0000008979400000)]
  0x000001a91f578800 JavaThread "Unconstrained build operations Thread 6" [_thread_blocked, id=14916, stack(0x0000008979400000,0x0000008979500000)]
  0x000001a91f576800 JavaThread "Unconstrained build operations Thread 7" [_thread_blocked, id=3868, stack(0x0000008979500000,0x0000008979600000)]
  0x000001a91f579000 JavaThread "Unconstrained build operations Thread 8" [_thread_blocked, id=14704, stack(0x0000008979600000,0x0000008979700000)]
  0x000001a91f574800 JavaThread "Unconstrained build operations Thread 9" [_thread_blocked, id=5316, stack(0x0000008979700000,0x0000008979800000)]
  0x000001a91f580800 JavaThread "Unconstrained build operations Thread 10" [_thread_blocked, id=10784, stack(0x0000008979800000,0x0000008979900000)]
  0x000001a91f57b000 JavaThread "Unconstrained build operations Thread 11" [_thread_blocked, id=13676, stack(0x0000008979900000,0x0000008979a00000)]
  0x000001a91f57f800 JavaThread "Unconstrained build operations Thread 12" [_thread_blocked, id=5960, stack(0x0000008979a00000,0x0000008979b00000)]
  0x000001a91f57d000 JavaThread "Unconstrained build operations Thread 13" [_thread_blocked, id=11572, stack(0x0000008979b00000,0x0000008979c00000)]
  0x000001a91f57e000 JavaThread "Unconstrained build operations Thread 14" [_thread_blocked, id=14928, stack(0x0000008979c00000,0x0000008979d00000)]
  0x000001a91f57b800 JavaThread "Unconstrained build operations Thread 15" [_thread_blocked, id=14804, stack(0x0000008979d00000,0x0000008979e00000)]
  0x000001a91f581800 JavaThread "Unconstrained build operations Thread 16" [_thread_blocked, id=14368, stack(0x0000008979e00000,0x0000008979f00000)]
  0x000001a91f57f000 JavaThread "Unconstrained build operations Thread 17" [_thread_blocked, id=11576, stack(0x0000008979f00000,0x000000897a000000)]
  0x000001a91f582000 JavaThread "Unconstrained build operations Thread 18" [_thread_blocked, id=14640, stack(0x000000897a000000,0x000000897a100000)]
  0x000001a91f57c800 JavaThread "Unconstrained build operations Thread 19" [_thread_blocked, id=1400, stack(0x000000897a100000,0x000000897a200000)]
  0x000001a91f583000 JavaThread "Unconstrained build operations Thread 20" [_thread_blocked, id=14096, stack(0x000000897a200000,0x000000897a300000)]
  0x000001a92118a000 JavaThread "Unconstrained build operations Thread 21" [_thread_blocked, id=2632, stack(0x000000897a300000,0x000000897a400000)]
  0x000001a92118f000 JavaThread "Unconstrained build operations Thread 22" [_thread_blocked, id=5820, stack(0x000000897a400000,0x000000897a500000)]
  0x000001a92118c800 JavaThread "Unconstrained build operations Thread 23" [_thread_blocked, id=11844, stack(0x000000897a500000,0x000000897a600000)]
  0x000001a92118f800 JavaThread "Unconstrained build operations Thread 24" [_thread_blocked, id=3512, stack(0x000000897a600000,0x000000897a700000)]
  0x000001a92118a800 JavaThread "Unconstrained build operations Thread 25" [_thread_blocked, id=16180, stack(0x000000897a700000,0x000000897a800000)]
  0x000001a92118d000 JavaThread "Unconstrained build operations Thread 26" [_thread_blocked, id=15156, stack(0x000000897a800000,0x000000897a900000)]
  0x000001a921191800 JavaThread "Unconstrained build operations Thread 27" [_thread_blocked, id=13600, stack(0x000000897a900000,0x000000897aa00000)]
  0x000001a92118e000 JavaThread "Unconstrained build operations Thread 28" [_thread_blocked, id=10292, stack(0x000000897aa00000,0x000000897ab00000)]
  0x000001a921190800 JavaThread "Unconstrained build operations Thread 29" [_thread_blocked, id=3036, stack(0x000000897ab00000,0x000000897ac00000)]
  0x000001a92118b800 JavaThread "Unconstrained build operations Thread 30" [_thread_blocked, id=7992, stack(0x000000897ac00000,0x000000897ad00000)]
  0x000001a921194800 JavaThread "Unconstrained build operations Thread 31" [_thread_blocked, id=16164, stack(0x000000897ad00000,0x000000897ae00000)]
  0x000001a921192000 JavaThread "Unconstrained build operations Thread 32" [_thread_blocked, id=14560, stack(0x000000897ae00000,0x000000897af00000)]
  0x000001a921195800 JavaThread "Unconstrained build operations Thread 33" [_thread_blocked, id=16316, stack(0x000000897af00000,0x000000897b000000)]
  0x000001a921193800 JavaThread "Unconstrained build operations Thread 34" [_thread_blocked, id=15368, stack(0x000000897b000000,0x000000897b100000)]
  0x000001a921196000 JavaThread "Unconstrained build operations Thread 35" [_thread_blocked, id=16288, stack(0x000000897b100000,0x000000897b200000)]
  0x000001a921197000 JavaThread "Unconstrained build operations Thread 36" [_thread_blocked, id=11812, stack(0x000000897b200000,0x000000897b300000)]
  0x000001a921193000 JavaThread "Unconstrained build operations Thread 37" [_thread_blocked, id=15780, stack(0x000000897b300000,0x000000897b400000)]
  0x000001a921198000 JavaThread "Unconstrained build operations Thread 38" [_thread_blocked, id=15136, stack(0x000000897b400000,0x000000897b500000)]
  0x000001a921198800 JavaThread "Unconstrained build operations Thread 39" [_thread_blocked, id=6292, stack(0x000000897b500000,0x000000897b600000)]
  0x000001a92153a800 JavaThread "Unconstrained build operations Thread 40" [_thread_blocked, id=1148, stack(0x000000897b600000,0x000000897b700000)]
  0x000001a921541000 JavaThread "Memory manager" [_thread_blocked, id=3632, stack(0x0000008978900000,0x0000008978a00000)]
=>0x000001a921540000 JavaThread "C2 CompilerThread1" daemon [_thread_in_native, id=9328, stack(0x000000897b900000,0x000000897ba00000)]

Other Threads:
  0x000001a91d52d800 VMThread "VM Thread" [stack: 0x0000008976500000,0x0000008976600000] [id=12644]
  0x000001a91e015000 WatcherThread [stack: 0x0000008976f00000,0x0000008977000000] [id=9656]
  0x000001a903965800 GCTaskThread "GC Thread#0" [stack: 0x0000008976000000,0x0000008976100000] [id=7316]
  0x000001a91e8c8800 GCTaskThread "GC Thread#1" [stack: 0x0000008977100000,0x0000008977200000] [id=11256]
  0x000001a91e697800 GCTaskThread "GC Thread#2" [stack: 0x0000008977200000,0x0000008977300000] [id=15424]
  0x000001a91fce6800 GCTaskThread "GC Thread#3" [stack: 0x0000008977c00000,0x0000008977d00000] [id=740]
  0x000001a903998800 ConcurrentGCThread "G1 Main Marker" [stack: 0x0000008976100000,0x0000008976200000] [id=904]
  0x000001a903999800 ConcurrentGCThread "G1 Conc#0" [stack: 0x0000008976200000,0x0000008976300000] [id=13996]
  0x000001a903a29000 ConcurrentGCThread "G1 Refine#0" [stack: 0x0000008976300000,0x0000008976400000] [id=11320]
  0x000001a903a2a000 ConcurrentGCThread "G1 Young RemSet Sampling" [stack: 0x0000008976400000,0x0000008976500000] [id=15288]

Threads with active compile tasks:
C2 CompilerThread0  41036 12918   !   4       java.net.URLClassLoader$1::run (63 bytes)
C2 CompilerThread1  41036 12917       4       java.net.URLClassLoader$1::run (5 bytes)

VM state:not at safepoint (normal execution)

VM Mutex/Monitor currently owned by a thread: None

Heap address: 0x0000000080000000, size: 2048 MB, Compressed Oops mode: 32-bit
Narrow klass base: 0x0000000000000000, Narrow klass shift: 3
Compressed class space size: 1073741824 Address: 0x0000000100000000

Heap:
 garbage-first heap   total 227328K, used 129105K [0x0000000080000000, 0x0000000100000000)
  region size 1024K, 21 young (21504K), 8 survivors (8192K)
 Metaspace       used 103754K, capacity 106372K, committed 106488K, reserved 1140736K
  class space    used 13282K, capacity 14262K, committed 14336K, reserved 1048576K
Heap Regions: E=young(eden), S=young(survivor), O=old, HS=humongous(starts), HC=humongous(continues), CS=collection set, F=free, A=archive, TAMS=top-at-mark-start (previous, next)
|   0|0x0000000080000000, 0x0000000080100000, 0x0000000080100000|100%| O|  |TAMS 0x0000000080100000, 0x0000000080000000| Untracked 
|   1|0x0000000080100000, 0x0000000080200000, 0x0000000080200000|100%| O|  |TAMS 0x0000000080200000, 0x0000000080100000| Untracked 
|   2|0x0000000080200000, 0x0000000080300000, 0x0000000080300000|100%| O|  |TAMS 0x0000000080300000, 0x0000000080200000| Untracked 
|   3|0x0000000080300000, 0x0000000080400000, 0x0000000080400000|100%|HS|  |TAMS 0x0000000080400000, 0x0000000080300000| Complete 
|   4|0x0000000080400000, 0x0000000080500000, 0x0000000080500000|100%|HC|  |TAMS 0x0000000080500000, 0x0000000080400000| Complete 
|   5|0x0000000080500000, 0x0000000080600000, 0x0000000080600000|100%|HC|  |TAMS 0x0000000080600000, 0x0000000080500000| Complete 
|   6|0x0000000080600000, 0x0000000080700000, 0x0000000080700000|100%| O|  |TAMS 0x0000000080700000, 0x0000000080600000| Untracked 
|   7|0x0000000080700000, 0x0000000080800000, 0x0000000080800000|100%| O|  |TAMS 0x0000000080800000, 0x0000000080700000| Untracked 
|   8|0x0000000080800000, 0x0000000080900000, 0x0000000080900000|100%| O|  |TAMS 0x0000000080900000, 0x0000000080800000| Untracked 
|   9|0x0000000080900000, 0x0000000080a00000, 0x0000000080a00000|100%| O|  |TAMS 0x0000000080a00000, 0x0000000080900000| Untracked 
|  10|0x0000000080a00000, 0x0000000080b00000, 0x0000000080b00000|100%| O|  |TAMS 0x0000000080b00000, 0x0000000080a00000| Untracked 
|  11|0x0000000080b00000, 0x0000000080c00000, 0x0000000080c00000|100%| O|  |TAMS 0x0000000080c00000, 0x0000000080b00000| Untracked 
|  12|0x0000000080c00000, 0x0000000080d00000, 0x0000000080d00000|100%| O|  |TAMS 0x0000000080d00000, 0x0000000080c00000| Untracked 
|  13|0x0000000080d00000, 0x0000000080e00000, 0x0000000080e00000|100%| O|  |TAMS 0x0000000080e00000, 0x0000000080d00000| Untracked 
|  14|0x0000000080e00000, 0x0000000080f00000, 0x0000000080f00000|100%| O|  |TAMS 0x0000000080f00000, 0x0000000080e00000| Untracked 
|  15|0x0000000080f00000, 0x0000000081000000, 0x0000000081000000|100%| O|  |TAMS 0x0000000081000000, 0x0000000080f00000| Untracked 
|  16|0x0000000081000000, 0x0000000081100000, 0x0000000081100000|100%| O|  |TAMS 0x0000000081100000, 0x0000000081000000| Untracked 
|  17|0x0000000081100000, 0x0000000081200000, 0x0000000081200000|100%|HS|  |TAMS 0x0000000081200000, 0x0000000081100000| Complete 
|  18|0x0000000081200000, 0x0000000081300000, 0x0000000081300000|100%|HC|  |TAMS 0x0000000081300000, 0x0000000081200000| Complete 
|  19|0x0000000081300000, 0x0000000081400000, 0x0000000081400000|100%|HS|  |TAMS 0x0000000081400000, 0x0000000081300000| Complete 
|  20|0x0000000081400000, 0x0000000081500000, 0x0000000081500000|100%|HC|  |TAMS 0x0000000081500000, 0x0000000081400000| Complete 
|  21|0x0000000081500000, 0x0000000081600000, 0x0000000081600000|100%|HC|  |TAMS 0x0000000081600000, 0x0000000081500000| Complete 
|  22|0x0000000081600000, 0x0000000081700000, 0x0000000081700000|100%|HS|  |TAMS 0x0000000081700000, 0x0000000081600000| Complete 
|  23|0x0000000081700000, 0x0000000081800000, 0x0000000081800000|100%|HC|  |TAMS 0x0000000081800000, 0x0000000081700000| Complete 
|  24|0x0000000081800000, 0x0000000081900000, 0x0000000081900000|100%|HC|  |TAMS 0x0000000081900000, 0x0000000081800000| Complete 
|  25|0x0000000081900000, 0x0000000081a00000, 0x0000000081a00000|100%|HC|  |TAMS 0x0000000081a00000, 0x0000000081900000| Complete 
|  26|0x0000000081a00000, 0x0000000081b00000, 0x0000000081b00000|100%| O|  |TAMS 0x0000000081b00000, 0x0000000081a00000| Untracked 
|  27|0x0000000081b00000, 0x0000000081c00000, 0x0000000081c00000|100%| O|  |TAMS 0x0000000081c00000, 0x0000000081b00000| Untracked 
|  28|0x0000000081c00000, 0x0000000081d00000, 0x0000000081d00000|100%| O|  |TAMS 0x0000000081d00000, 0x0000000081c00000| Untracked 
|  29|0x0000000081d00000, 0x0000000081e00000, 0x0000000081e00000|100%| O|  |TAMS 0x0000000081e00000, 0x0000000081d00000| Untracked 
|  30|0x0000000081e00000, 0x0000000081f00000, 0x0000000081f00000|100%| O|  |TAMS 0x0000000081f00000, 0x0000000081e00000| Untracked 
|  31|0x0000000081f00000, 0x0000000082000000, 0x0000000082000000|100%| O|  |TAMS 0x0000000082000000, 0x0000000081f00000| Untracked 
|  32|0x0000000082000000, 0x0000000082100000, 0x0000000082100000|100%| O|  |TAMS 0x0000000082100000, 0x0000000082000000| Untracked 
|  33|0x0000000082100000, 0x0000000082200000, 0x0000000082200000|100%| O|  |TAMS 0x0000000082200000, 0x0000000082100000| Untracked 
|  34|0x0000000082200000, 0x0000000082300000, 0x0000000082300000|100%|HS|  |TAMS 0x0000000082300000, 0x0000000082200000| Complete 
|  35|0x0000000082300000, 0x0000000082400000, 0x0000000082400000|100%|HC|  |TAMS 0x0000000082400000, 0x0000000082300000| Complete 
|  36|0x0000000082400000, 0x0000000082500000, 0x0000000082500000|100%|HC|  |TAMS 0x0000000082500000, 0x0000000082400000| Complete 
|  37|0x0000000082500000, 0x0000000082600000, 0x0000000082600000|100%| O|  |TAMS 0x0000000082600000, 0x0000000082500000| Untracked 
|  38|0x0000000082600000, 0x0000000082700000, 0x0000000082700000|100%| O|  |TAMS 0x0000000082700000, 0x0000000082600000| Untracked 
|  39|0x0000000082700000, 0x0000000082800000, 0x0000000082800000|100%| O|  |TAMS 0x0000000082800000, 0x0000000082700000| Untracked 
|  40|0x0000000082800000, 0x0000000082900000, 0x0000000082900000|100%| O|  |TAMS 0x0000000082900000, 0x0000000082800000| Untracked 
|  41|0x0000000082900000, 0x0000000082a00000, 0x0000000082a00000|100%| O|  |TAMS 0x0000000082a00000, 0x0000000082900000| Untracked 
|  42|0x0000000082a00000, 0x0000000082b00000, 0x0000000082b00000|100%|HS|  |TAMS 0x0000000082b00000, 0x0000000082a00000| Complete 
|  43|0x0000000082b00000, 0x0000000082c00000, 0x0000000082c00000|100%|HS|  |TAMS 0x0000000082c00000, 0x0000000082b00000| Complete 
|  44|0x0000000082c00000, 0x0000000082d00000, 0x0000000082d00000|100%|HC|  |TAMS 0x0000000082d00000, 0x0000000082c00000| Complete 
|  45|0x0000000082d00000, 0x0000000082e00000, 0x0000000082e00000|100%|HC|  |TAMS 0x0000000082e00000, 0x0000000082d00000| Complete 
|  46|0x0000000082e00000, 0x0000000082f00000, 0x0000000082f00000|100%|HC|  |TAMS 0x0000000082f00000, 0x0000000082e00000| Complete 
|  47|0x0000000082f00000, 0x0000000083000000, 0x0000000083000000|100%|HS|  |TAMS 0x0000000083000000, 0x0000000082f00000| Complete 
|  48|0x0000000083000000, 0x0000000083100000, 0x0000000083100000|100%|HS|  |TAMS 0x0000000083100000, 0x0000000083000000| Complete 
|  49|0x0000000083100000, 0x0000000083200000, 0x0000000083200000|100%| O|  |TAMS 0x0000000083200000, 0x0000000083100000| Untracked 
|  50|0x0000000083200000, 0x0000000083300000, 0x0000000083300000|100%| O|  |TAMS 0x0000000083300000, 0x0000000083200000| Untracked 
|  51|0x0000000083300000, 0x0000000083400000, 0x0000000083400000|100%| O|  |TAMS 0x0000000083400000, 0x0000000083300000| Untracked 
|  52|0x0000000083400000, 0x0000000083500000, 0x0000000083500000|100%| O|  |TAMS 0x0000000083500000, 0x0000000083400000| Untracked 
|  53|0x0000000083500000, 0x0000000083600000, 0x0000000083600000|100%| O|  |TAMS 0x0000000083600000, 0x0000000083500000| Untracked 
|  54|0x0000000083600000, 0x0000000083700000, 0x0000000083700000|100%|HS|  |TAMS 0x0000000083700000, 0x0000000083600000| Complete 
|  55|0x0000000083700000, 0x0000000083800000, 0x0000000083800000|100%|HC|  |TAMS 0x0000000083800000, 0x0000000083700000| Complete 
|  56|0x0000000083800000, 0x0000000083900000, 0x0000000083900000|100%| O|  |TAMS 0x0000000083900000, 0x0000000083800000| Untracked 
|  57|0x0000000083900000, 0x0000000083a00000, 0x0000000083a00000|100%| O|  |TAMS 0x0000000083a00000, 0x0000000083900000| Untracked 
|  58|0x0000000083a00000, 0x0000000083b00000, 0x0000000083b00000|100%| O|  |TAMS 0x0000000083b00000, 0x0000000083a00000| Untracked 
|  59|0x0000000083b00000, 0x0000000083c00000, 0x0000000083c00000|100%| O|  |TAMS 0x0000000083c00000, 0x0000000083b00000| Untracked 
|  60|0x0000000083c00000, 0x0000000083d00000, 0x0000000083d00000|100%| O|  |TAMS 0x0000000083d00000, 0x0000000083c00000| Untracked 
|  61|0x0000000083d00000, 0x0000000083e00000, 0x0000000083e00000|100%| O|  |TAMS 0x0000000083e00000, 0x0000000083d00000| Untracked 
|  62|0x0000000083e00000, 0x0000000083f00000, 0x0000000083f00000|100%| O|  |TAMS 0x0000000083f00000, 0x0000000083e00000| Untracked 
|  63|0x0000000083f00000, 0x0000000084000000, 0x0000000084000000|100%| O|  |TAMS 0x0000000084000000, 0x0000000083f00000| Untracked 
|  64|0x0000000084000000, 0x0000000084100000, 0x0000000084100000|100%| O|  |TAMS 0x0000000084100000, 0x0000000084000000| Untracked 
|  65|0x0000000084100000, 0x0000000084200000, 0x0000000084200000|100%| O|  |TAMS 0x0000000084200000, 0x0000000084100000| Untracked 
|  66|0x0000000084200000, 0x0000000084300000, 0x0000000084300000|100%| O|  |TAMS 0x0000000084300000, 0x0000000084200000| Untracked 
|  67|0x0000000084300000, 0x0000000084400000, 0x0000000084400000|100%| O|  |TAMS 0x0000000084400000, 0x0000000084300000| Untracked 
|  68|0x0000000084400000, 0x0000000084500000, 0x0000000084500000|100%| O|  |TAMS 0x0000000084500000, 0x0000000084400000| Untracked 
|  69|0x0000000084500000, 0x0000000084600000, 0x0000000084600000|100%| O|  |TAMS 0x0000000084600000, 0x0000000084500000| Untracked 
|  70|0x0000000084600000, 0x0000000084700000, 0x0000000084700000|100%| O|  |TAMS 0x0000000084700000, 0x0000000084600000| Untracked 
|  71|0x0000000084700000, 0x0000000084800000, 0x0000000084800000|100%| O|  |TAMS 0x0000000084800000, 0x0000000084700000| Untracked 
|  72|0x0000000084800000, 0x0000000084900000, 0x0000000084900000|100%| O|  |TAMS 0x0000000084900000, 0x0000000084800000| Untracked 
|  73|0x0000000084900000, 0x0000000084a00000, 0x0000000084a00000|100%| O|  |TAMS 0x0000000084a00000, 0x0000000084900000| Untracked 
|  74|0x0000000084a00000, 0x0000000084b00000, 0x0000000084b00000|100%| O|  |TAMS 0x0000000084b00000, 0x0000000084a00000| Untracked 
|  75|0x0000000084b00000, 0x0000000084c00000, 0x0000000084c00000|100%| O|  |TAMS 0x0000000084c00000, 0x0000000084b00000| Untracked 
|  76|0x0000000084c00000, 0x0000000084d00000, 0x0000000084d00000|100%| O|  |TAMS 0x0000000084d00000, 0x0000000084c00000| Untracked 
|  77|0x0000000084d00000, 0x0000000084e00000, 0x0000000084e00000|100%| O|  |TAMS 0x0000000084e00000, 0x0000000084d00000| Untracked 
|  78|0x0000000084e00000, 0x0000000084f00000, 0x0000000084f00000|100%| O|  |TAMS 0x0000000084f00000, 0x0000000084e00000| Untracked 
|  79|0x0000000084f00000, 0x0000000085000000, 0x0000000085000000|100%|HS|  |TAMS 0x0000000085000000, 0x0000000084f00000| Complete 
|  80|0x0000000085000000, 0x0000000085100000, 0x0000000085100000|100%|HC|  |TAMS 0x0000000085100000, 0x0000000085000000| Complete 
|  81|0x0000000085100000, 0x0000000085200000, 0x0000000085200000|100%|HS|  |TAMS 0x0000000085200000, 0x0000000085100000| Complete 
|  82|0x0000000085200000, 0x0000000085300000, 0x0000000085300000|100%|HC|  |TAMS 0x0000000085300000, 0x0000000085200000| Complete 
|  83|0x0000000085300000, 0x0000000085400000, 0x0000000085400000|100%|HC|  |TAMS 0x0000000085400000, 0x0000000085300000| Complete 
|  84|0x0000000085400000, 0x0000000085500000, 0x0000000085500000|100%|HS|  |TAMS 0x0000000085500000, 0x0000000085400000| Complete 
|  85|0x0000000085500000, 0x0000000085600000, 0x0000000085600000|100%|HC|  |TAMS 0x0000000085600000, 0x0000000085500000| Complete 
|  86|0x0000000085600000, 0x0000000085700000, 0x0000000085700000|100%|HC|  |TAMS 0x0000000085700000, 0x0000000085600000| Complete 
|  87|0x0000000085700000, 0x0000000085800000, 0x0000000085800000|100%|HC|  |TAMS 0x0000000085800000, 0x0000000085700000| Complete 
|  88|0x0000000085800000, 0x0000000085900000, 0x0000000085900000|100%| O|  |TAMS 0x0000000085900000, 0x0000000085800000| Untracked 
|  89|0x0000000085900000, 0x0000000085a00000, 0x0000000085a00000|100%| O|  |TAMS 0x0000000085a00000, 0x0000000085900000| Untracked 
|  90|0x0000000085a00000, 0x0000000085b00000, 0x0000000085b00000|100%| O|  |TAMS 0x0000000085b00000, 0x0000000085a00000| Untracked 
|  91|0x0000000085b00000, 0x0000000085c00000, 0x0000000085c00000|100%| O|  |TAMS 0x0000000085c00000, 0x0000000085b00000| Untracked 
|  92|0x0000000085c00000, 0x0000000085d00000, 0x0000000085d00000|100%| O|  |TAMS 0x0000000085d00000, 0x0000000085c00000| Untracked 
|  93|0x0000000085d00000, 0x0000000085e00000, 0x0000000085e00000|100%| O|  |TAMS 0x0000000085e00000, 0x0000000085d00000| Untracked 
|  94|0x0000000085e00000, 0x0000000085f00000, 0x0000000085f00000|100%| O|  |TAMS 0x0000000085f00000, 0x0000000085e00000| Untracked 
|  95|0x0000000085f00000, 0x0000000086000000, 0x0000000086000000|100%| O|  |TAMS 0x0000000086000000, 0x0000000085f00000| Untracked 
|  96|0x0000000086000000, 0x0000000086100000, 0x0000000086100000|100%| O|  |TAMS 0x0000000086100000, 0x0000000086000000| Untracked 
|  97|0x0000000086100000, 0x0000000086200000, 0x0000000086200000|100%| O|  |TAMS 0x0000000086200000, 0x0000000086100000| Untracked 
|  98|0x0000000086200000, 0x0000000086300000, 0x0000000086300000|100%| O|  |TAMS 0x0000000086300000, 0x0000000086200000| Untracked 
|  99|0x0000000086300000, 0x0000000086400000, 0x0000000086400000|100%| O|  |TAMS 0x0000000086400000, 0x0000000086300000| Untracked 
| 100|0x0000000086400000, 0x0000000086500000, 0x0000000086500000|100%| O|  |TAMS 0x0000000086500000, 0x0000000086400000| Untracked 
| 101|0x0000000086500000, 0x0000000086600000, 0x0000000086600000|100%| O|  |TAMS 0x0000000086600000, 0x0000000086500000| Untracked 
| 102|0x0000000086600000, 0x0000000086700000, 0x0000000086700000|100%| O|  |TAMS 0x0000000086700000, 0x0000000086600000| Untracked 
| 103|0x0000000086700000, 0x0000000086800000, 0x0000000086800000|100%| O|  |TAMS 0x0000000086800000, 0x0000000086700000| Untracked 
| 104|0x0000000086800000, 0x0000000086900000, 0x0000000086900000|100%| O|  |TAMS 0x0000000086900000, 0x0000000086800000| Untracked 
| 105|0x0000000086900000, 0x0000000086a00000, 0x0000000086a00000|100%| O|  |TAMS 0x0000000086a00000, 0x0000000086900000| Untracked 
| 106|0x0000000086a00000, 0x0000000086ab3c00, 0x0000000086b00000| 70%| O|  |TAMS 0x0000000086ab3c00, 0x0000000086a00000| Untracked 
| 107|0x0000000086b00000, 0x0000000086b00000, 0x0000000086c00000|  0%| F|  |TAMS 0x0000000086b00000, 0x0000000086b00000| Untracked 
| 108|0x0000000086c00000, 0x0000000086c00000, 0x0000000086d00000|  0%| F|  |TAMS 0x0000000086c00000, 0x0000000086c00000| Untracked 
| 109|0x0000000086d00000, 0x0000000086d00000, 0x0000000086e00000|  0%| F|  |TAMS 0x0000000086d00000, 0x0000000086d00000| Untracked 
| 110|0x0000000086e00000, 0x0000000086e00000, 0x0000000086f00000|  0%| F|  |TAMS 0x0000000086e00000, 0x0000000086e00000| Untracked 
| 111|0x0000000086f00000, 0x0000000086f00000, 0x0000000087000000|  0%| F|  |TAMS 0x0000000086f00000, 0x0000000086f00000| Untracked 
| 112|0x0000000087000000, 0x0000000087000000, 0x0000000087100000|  0%| F|  |TAMS 0x0000000087000000, 0x0000000087000000| Untracked 
| 113|0x0000000087100000, 0x0000000087100000, 0x0000000087200000|  0%| F|  |TAMS 0x0000000087100000, 0x0000000087100000| Untracked 
| 114|0x0000000087200000, 0x0000000087200000, 0x0000000087300000|  0%| F|  |TAMS 0x0000000087200000, 0x0000000087200000| Untracked 
| 115|0x0000000087300000, 0x0000000087300000, 0x0000000087400000|  0%| F|  |TAMS 0x0000000087300000, 0x0000000087300000| Untracked 
| 116|0x0000000087400000, 0x0000000087400000, 0x0000000087500000|  0%| F|  |TAMS 0x0000000087400000, 0x0000000087400000| Untracked 
| 117|0x0000000087500000, 0x0000000087500000, 0x0000000087600000|  0%| F|  |TAMS 0x0000000087500000, 0x0000000087500000| Untracked 
| 118|0x0000000087600000, 0x0000000087600000, 0x0000000087700000|  0%| F|  |TAMS 0x0000000087600000, 0x0000000087600000| Untracked 
| 119|0x0000000087700000, 0x0000000087700000, 0x0000000087800000|  0%| F|  |TAMS 0x0000000087700000, 0x0000000087700000| Untracked 
| 120|0x0000000087800000, 0x0000000087800000, 0x0000000087900000|  0%| F|  |TAMS 0x0000000087800000, 0x0000000087800000| Untracked 
| 121|0x0000000087900000, 0x0000000087900000, 0x0000000087a00000|  0%| F|  |TAMS 0x0000000087900000, 0x0000000087900000| Untracked 
| 122|0x0000000087a00000, 0x0000000087a00000, 0x0000000087b00000|  0%| F|  |TAMS 0x0000000087a00000, 0x0000000087a00000| Untracked 
| 123|0x0000000087b00000, 0x0000000087b00000, 0x0000000087c00000|  0%| F|  |TAMS 0x0000000087b00000, 0x0000000087b00000| Untracked 
| 124|0x0000000087c00000, 0x0000000087c00000, 0x0000000087d00000|  0%| F|  |TAMS 0x0000000087c00000, 0x0000000087c00000| Untracked 
| 125|0x0000000087d00000, 0x0000000087d00000, 0x0000000087e00000|  0%| F|  |TAMS 0x0000000087d00000, 0x0000000087d00000| Untracked 
| 126|0x0000000087e00000, 0x0000000087e00000, 0x0000000087f00000|  0%| F|  |TAMS 0x0000000087e00000, 0x0000000087e00000| Untracked 
| 127|0x0000000087f00000, 0x0000000087f00000, 0x0000000088000000|  0%| F|  |TAMS 0x0000000087f00000, 0x0000000087f00000| Untracked 
| 128|0x0000000088000000, 0x0000000088000000, 0x0000000088100000|  0%| F|  |TAMS 0x0000000088000000, 0x0000000088000000| Untracked 
| 129|0x0000000088100000, 0x0000000088100000, 0x0000000088200000|  0%| F|  |TAMS 0x0000000088100000, 0x0000000088100000| Untracked 
| 130|0x0000000088200000, 0x0000000088200000, 0x0000000088300000|  0%| F|  |TAMS 0x0000000088200000, 0x0000000088200000| Untracked 
| 131|0x0000000088300000, 0x0000000088300000, 0x0000000088400000|  0%| F|  |TAMS 0x0000000088300000, 0x0000000088300000| Untracked 
| 132|0x0000000088400000, 0x0000000088400000, 0x0000000088500000|  0%| F|  |TAMS 0x0000000088400000, 0x0000000088400000| Untracked 
| 133|0x0000000088500000, 0x0000000088500000, 0x0000000088600000|  0%| F|  |TAMS 0x0000000088500000, 0x0000000088500000| Untracked 
| 134|0x0000000088600000, 0x0000000088600000, 0x0000000088700000|  0%| F|  |TAMS 0x0000000088600000, 0x0000000088600000| Untracked 
| 135|0x0000000088700000, 0x0000000088700000, 0x0000000088800000|  0%| F|  |TAMS 0x0000000088700000, 0x0000000088700000| Untracked 
| 136|0x0000000088800000, 0x0000000088800000, 0x0000000088900000|  0%| F|  |TAMS 0x0000000088800000, 0x0000000088800000| Untracked 
| 137|0x0000000088900000, 0x0000000088900000, 0x0000000088a00000|  0%| F|  |TAMS 0x0000000088900000, 0x0000000088900000| Untracked 
| 138|0x0000000088a00000, 0x0000000088a00000, 0x0000000088b00000|  0%| F|  |TAMS 0x0000000088a00000, 0x0000000088a00000| Untracked 
| 139|0x0000000088b00000, 0x0000000088b00000, 0x0000000088c00000|  0%| F|  |TAMS 0x0000000088b00000, 0x0000000088b00000| Untracked 
| 140|0x0000000088c00000, 0x0000000088c00000, 0x0000000088d00000|  0%| F|  |TAMS 0x0000000088c00000, 0x0000000088c00000| Untracked 
| 141|0x0000000088d00000, 0x0000000088d60b08, 0x0000000088e00000| 37%| S|CS|TAMS 0x0000000088d00000, 0x0000000088d00000| Complete 
| 142|0x0000000088e00000, 0x0000000088f00000, 0x0000000088f00000|100%| S|CS|TAMS 0x0000000088e00000, 0x0000000088e00000| Complete 
| 143|0x0000000088f00000, 0x0000000089000000, 0x0000000089000000|100%| S|CS|TAMS 0x0000000088f00000, 0x0000000088f00000| Complete 
| 144|0x0000000089000000, 0x0000000089100000, 0x0000000089100000|100%| S|CS|TAMS 0x0000000089000000, 0x0000000089000000| Complete 
| 145|0x0000000089100000, 0x0000000089200000, 0x0000000089200000|100%| S|CS|TAMS 0x0000000089100000, 0x0000000089100000| Complete 
| 146|0x0000000089200000, 0x0000000089300000, 0x0000000089300000|100%| S|CS|TAMS 0x0000000089200000, 0x0000000089200000| Complete 
| 147|0x0000000089300000, 0x0000000089400000, 0x0000000089400000|100%| S|CS|TAMS 0x0000000089300000, 0x0000000089300000| Complete 
| 148|0x0000000089400000, 0x0000000089500000, 0x0000000089500000|100%| S|CS|TAMS 0x0000000089400000, 0x0000000089400000| Complete 
| 149|0x0000000089500000, 0x0000000089500000, 0x0000000089600000|  0%| F|  |TAMS 0x0000000089500000, 0x0000000089500000| Untracked 
| 150|0x0000000089600000, 0x0000000089600000, 0x0000000089700000|  0%| F|  |TAMS 0x0000000089600000, 0x0000000089600000| Untracked 
| 151|0x0000000089700000, 0x0000000089700000, 0x0000000089800000|  0%| F|  |TAMS 0x0000000089700000, 0x0000000089700000| Untracked 
| 152|0x0000000089800000, 0x0000000089800000, 0x0000000089900000|  0%| F|  |TAMS 0x0000000089800000, 0x0000000089800000| Untracked 
| 153|0x0000000089900000, 0x0000000089900000, 0x0000000089a00000|  0%| F|  |TAMS 0x0000000089900000, 0x0000000089900000| Untracked 
| 154|0x0000000089a00000, 0x0000000089a00000, 0x0000000089b00000|  0%| F|  |TAMS 0x0000000089a00000, 0x0000000089a00000| Untracked 
| 155|0x0000000089b00000, 0x0000000089b00000, 0x0000000089c00000|  0%| F|  |TAMS 0x0000000089b00000, 0x0000000089b00000| Untracked 
| 156|0x0000000089c00000, 0x0000000089c00000, 0x0000000089d00000|  0%| F|  |TAMS 0x0000000089c00000, 0x0000000089c00000| Untracked 
| 157|0x0000000089d00000, 0x0000000089d00000, 0x0000000089e00000|  0%| F|  |TAMS 0x0000000089d00000, 0x0000000089d00000| Untracked 
| 158|0x0000000089e00000, 0x0000000089e00000, 0x0000000089f00000|  0%| F|  |TAMS 0x0000000089e00000, 0x0000000089e00000| Untracked 
| 159|0x0000000089f00000, 0x0000000089f00000, 0x000000008a000000|  0%| F|  |TAMS 0x0000000089f00000, 0x0000000089f00000| Untracked 
| 160|0x000000008a000000, 0x000000008a000000, 0x000000008a100000|  0%| F|  |TAMS 0x000000008a000000, 0x000000008a000000| Untracked 
| 161|0x000000008a100000, 0x000000008a100000, 0x000000008a200000|  0%| F|  |TAMS 0x000000008a100000, 0x000000008a100000| Untracked 
| 162|0x000000008a200000, 0x000000008a200000, 0x000000008a300000|  0%| F|  |TAMS 0x000000008a200000, 0x000000008a200000| Untracked 
| 163|0x000000008a300000, 0x000000008a300000, 0x000000008a400000|  0%| F|  |TAMS 0x000000008a300000, 0x000000008a300000| Untracked 
| 164|0x000000008a400000, 0x000000008a400000, 0x000000008a500000|  0%| F|  |TAMS 0x000000008a400000, 0x000000008a400000| Untracked 
| 165|0x000000008a500000, 0x000000008a500000, 0x000000008a600000|  0%| F|  |TAMS 0x000000008a500000, 0x000000008a500000| Untracked 
| 166|0x000000008a600000, 0x000000008a600000, 0x000000008a700000|  0%| F|  |TAMS 0x000000008a600000, 0x000000008a600000| Untracked 
| 167|0x000000008a700000, 0x000000008a700000, 0x000000008a800000|  0%| F|  |TAMS 0x000000008a700000, 0x000000008a700000| Untracked 
| 168|0x000000008a800000, 0x000000008a800000, 0x000000008a900000|  0%| F|  |TAMS 0x000000008a800000, 0x000000008a800000| Untracked 
| 169|0x000000008a900000, 0x000000008a900000, 0x000000008aa00000|  0%| F|  |TAMS 0x000000008a900000, 0x000000008a900000| Untracked 
| 170|0x000000008aa00000, 0x000000008aa00000, 0x000000008ab00000|  0%| F|  |TAMS 0x000000008aa00000, 0x000000008aa00000| Untracked 
| 171|0x000000008ab00000, 0x000000008ab00000, 0x000000008ac00000|  0%| F|  |TAMS 0x000000008ab00000, 0x000000008ab00000| Untracked 
| 172|0x000000008ac00000, 0x000000008ac00000, 0x000000008ad00000|  0%| F|  |TAMS 0x000000008ac00000, 0x000000008ac00000| Untracked 
| 173|0x000000008ad00000, 0x000000008ad00000, 0x000000008ae00000|  0%| F|  |TAMS 0x000000008ad00000, 0x000000008ad00000| Untracked 
| 174|0x000000008ae00000, 0x000000008ae00000, 0x000000008af00000|  0%| F|  |TAMS 0x000000008ae00000, 0x000000008ae00000| Untracked 
| 175|0x000000008af00000, 0x000000008af00000, 0x000000008b000000|  0%| F|  |TAMS 0x000000008af00000, 0x000000008af00000| Untracked 
| 176|0x000000008b000000, 0x000000008b000000, 0x000000008b100000|  0%| F|  |TAMS 0x000000008b000000, 0x000000008b000000| Untracked 
| 177|0x000000008b100000, 0x000000008b100000, 0x000000008b200000|  0%| F|  |TAMS 0x000000008b100000, 0x000000008b100000| Untracked 
| 178|0x000000008b200000, 0x000000008b200000, 0x000000008b300000|  0%| F|  |TAMS 0x000000008b200000, 0x000000008b200000| Untracked 
| 179|0x000000008b300000, 0x000000008b300000, 0x000000008b400000|  0%| F|  |TAMS 0x000000008b300000, 0x000000008b300000| Untracked 
| 180|0x000000008b400000, 0x000000008b400000, 0x000000008b500000|  0%| F|  |TAMS 0x000000008b400000, 0x000000008b400000| Untracked 
| 181|0x000000008b500000, 0x000000008b500000, 0x000000008b600000|  0%| F|  |TAMS 0x000000008b500000, 0x000000008b500000| Untracked 
| 182|0x000000008b600000, 0x000000008b600000, 0x000000008b700000|  0%| F|  |TAMS 0x000000008b600000, 0x000000008b600000| Untracked 
| 183|0x000000008b700000, 0x000000008b700000, 0x000000008b800000|  0%| F|  |TAMS 0x000000008b700000, 0x000000008b700000| Untracked 
| 184|0x000000008b800000, 0x000000008b800000, 0x000000008b900000|  0%| F|  |TAMS 0x000000008b800000, 0x000000008b800000| Untracked 
| 185|0x000000008b900000, 0x000000008b900000, 0x000000008ba00000|  0%| F|  |TAMS 0x000000008b900000, 0x000000008b900000| Untracked 
| 186|0x000000008ba00000, 0x000000008ba00000, 0x000000008bb00000|  0%| F|  |TAMS 0x000000008ba00000, 0x000000008ba00000| Untracked 
| 187|0x000000008bb00000, 0x000000008bb00000, 0x000000008bc00000|  0%| F|  |TAMS 0x000000008bb00000, 0x000000008bb00000| Untracked 
| 188|0x000000008bc00000, 0x000000008bc00000, 0x000000008bd00000|  0%| F|  |TAMS 0x000000008bc00000, 0x000000008bc00000| Untracked 
| 189|0x000000008bd00000, 0x000000008bd00000, 0x000000008be00000|  0%| F|  |TAMS 0x000000008bd00000, 0x000000008bd00000| Untracked 
| 190|0x000000008be00000, 0x000000008be00000, 0x000000008bf00000|  0%| F|  |TAMS 0x000000008be00000, 0x000000008be00000| Untracked 
| 191|0x000000008bf00000, 0x000000008bf00000, 0x000000008c000000|  0%| F|  |TAMS 0x000000008bf00000, 0x000000008bf00000| Untracked 
| 192|0x000000008c000000, 0x000000008c000000, 0x000000008c100000|  0%| F|  |TAMS 0x000000008c000000, 0x000000008c000000| Untracked 
| 193|0x000000008c100000, 0x000000008c100000, 0x000000008c200000|  0%| F|  |TAMS 0x000000008c100000, 0x000000008c100000| Untracked 
| 194|0x000000008c200000, 0x000000008c200000, 0x000000008c300000|  0%| F|  |TAMS 0x000000008c200000, 0x000000008c200000| Untracked 
| 195|0x000000008c300000, 0x000000008c300000, 0x000000008c400000|  0%| F|  |TAMS 0x000000008c300000, 0x000000008c300000| Untracked 
| 196|0x000000008c400000, 0x000000008c400000, 0x000000008c500000|  0%| F|  |TAMS 0x000000008c400000, 0x000000008c400000| Untracked 
| 197|0x000000008c500000, 0x000000008c500000, 0x000000008c600000|  0%| F|  |TAMS 0x000000008c500000, 0x000000008c500000| Untracked 
| 198|0x000000008c600000, 0x000000008c600000, 0x000000008c700000|  0%| F|  |TAMS 0x000000008c600000, 0x000000008c600000| Untracked 
| 199|0x000000008c700000, 0x000000008c700000, 0x000000008c800000|  0%| F|  |TAMS 0x000000008c700000, 0x000000008c700000| Untracked 
| 200|0x000000008c800000, 0x000000008c800000, 0x000000008c900000|  0%| F|  |TAMS 0x000000008c800000, 0x000000008c800000| Untracked 
| 201|0x000000008c900000, 0x000000008c900000, 0x000000008ca00000|  0%| F|  |TAMS 0x000000008c900000, 0x000000008c900000| Untracked 
| 202|0x000000008ca00000, 0x000000008ca00000, 0x000000008cb00000|  0%| F|  |TAMS 0x000000008ca00000, 0x000000008ca00000| Untracked 
| 203|0x000000008cb00000, 0x000000008cb00000, 0x000000008cc00000|  0%| F|  |TAMS 0x000000008cb00000, 0x000000008cb00000| Untracked 
| 204|0x000000008cc00000, 0x000000008cc00000, 0x000000008cd00000|  0%| F|  |TAMS 0x000000008cc00000, 0x000000008cc00000| Untracked 
| 205|0x000000008cd00000, 0x000000008cd00000, 0x000000008ce00000|  0%| F|  |TAMS 0x000000008cd00000, 0x000000008cd00000| Untracked 
| 206|0x000000008ce00000, 0x000000008ce00000, 0x000000008cf00000|  0%| F|  |TAMS 0x000000008ce00000, 0x000000008ce00000| Untracked 
| 207|0x000000008cf00000, 0x000000008cf00000, 0x000000008d000000|  0%| F|  |TAMS 0x000000008cf00000, 0x000000008cf00000| Untracked 
| 208|0x000000008d000000, 0x000000008d000000, 0x000000008d100000|  0%| F|  |TAMS 0x000000008d000000, 0x000000008d000000| Untracked 
| 209|0x000000008d100000, 0x000000008d200000, 0x000000008d200000|100%| E|  |TAMS 0x000000008d100000, 0x000000008d100000| Complete 
| 210|0x000000008d200000, 0x000000008d300000, 0x000000008d300000|100%| E|CS|TAMS 0x000000008d200000, 0x000000008d200000| Complete 
| 211|0x000000008d300000, 0x000000008d400000, 0x000000008d400000|100%| E|CS|TAMS 0x000000008d300000, 0x000000008d300000| Complete 
| 212|0x000000008d400000, 0x000000008d500000, 0x000000008d500000|100%| E|CS|TAMS 0x000000008d400000, 0x000000008d400000| Complete 
| 213|0x000000008d500000, 0x000000008d600000, 0x000000008d600000|100%| E|CS|TAMS 0x000000008d500000, 0x000000008d500000| Complete 
| 214|0x000000008d600000, 0x000000008d700000, 0x000000008d700000|100%| E|CS|TAMS 0x000000008d600000, 0x000000008d600000| Complete 
| 215|0x000000008d700000, 0x000000008d800000, 0x000000008d800000|100%| E|CS|TAMS 0x000000008d700000, 0x000000008d700000| Complete 
| 216|0x000000008d800000, 0x000000008d900000, 0x000000008d900000|100%| E|CS|TAMS 0x000000008d800000, 0x000000008d800000| Complete 
| 217|0x000000008d900000, 0x000000008da00000, 0x000000008da00000|100%| E|CS|TAMS 0x000000008d900000, 0x000000008d900000| Complete 
| 218|0x000000008da00000, 0x000000008db00000, 0x000000008db00000|100%| E|CS|TAMS 0x000000008da00000, 0x000000008da00000| Complete 
| 219|0x000000008db00000, 0x000000008dc00000, 0x000000008dc00000|100%| E|CS|TAMS 0x000000008db00000, 0x000000008db00000| Complete 
| 220|0x000000008dc00000, 0x000000008dd00000, 0x000000008dd00000|100%| E|CS|TAMS 0x000000008dc00000, 0x000000008dc00000| Complete 
| 221|0x000000008dd00000, 0x000000008de00000, 0x000000008de00000|100%| E|CS|TAMS 0x000000008dd00000, 0x000000008dd00000| Complete 

Card table byte_map: [0x000001a916850000,0x000001a916c50000] _byte_map_base: 0x000001a916450000

Marking Bits (Prev, Next): (CMBitMap*) 0x000001a90398fa90, (CMBitMap*) 0x000001a90398fa58
 Prev Bits: [0x000001a919050000, 0x000001a91b050000)
 Next Bits: [0x000001a917050000, 0x000001a919050000)

Polling page: 0x000001a901ad0000

Metaspace:

Usage:
  Non-class:     89.95 MB capacity,    88.35 MB ( 98%) used,     1.31 MB (  1%) free+waste,   295.38 KB ( <1%) overhead. 
      Class:     13.93 MB capacity,    12.97 MB ( 93%) used,   845.55 KB (  6%) free+waste,   133.50 KB ( <1%) overhead. 
       Both:    103.88 MB capacity,   101.32 MB ( 98%) used,     2.14 MB (  2%) free+waste,   428.88 KB ( <1%) overhead. 

Virtual space:
  Non-class space:       90.00 MB reserved,      89.99 MB (>99%) committed 
      Class space:        1.00 GB reserved,      14.00 MB (  1%) committed 
             Both:        1.09 GB reserved,     103.99 MB (  9%) committed 

Chunk freelists:
   Non-Class:  42.00 KB
       Class:  10.00 KB
        Both:  52.00 KB

MaxMetaspaceSize: 17179869184.00 GB
CompressedClassSpaceSize: 1.00 GB

CodeHeap 'non-profiled nmethods': size=120064Kb used=6966Kb max_used=6966Kb free=113097Kb
 bounds [0x000001a90ef10000, 0x000001a90f5e0000, 0x000001a916450000]
CodeHeap 'profiled nmethods': size=120000Kb used=28104Kb max_used=28104Kb free=91895Kb
 bounds [0x000001a9079e0000, 0x000001a909560000, 0x000001a90ef10000]
CodeHeap 'non-nmethods': size=5696Kb used=2334Kb max_used=2376Kb free=3361Kb
 bounds [0x000001a907450000, 0x000001a9076c0000, 0x000001a9079e0000]
 total_blobs=13741 nmethods=12787 adapters=863
 compilation: enabled
              stopped_count=0, restarted_count=0
 full_count=0

Compilation events (20 events):
Event: 40.754 Thread 0x000001a91d562800 12911       3       com.sun.org.apache.xerces.internal.impl.XMLEntityScanner::checkLimit (253 bytes)
Event: 40.758 Thread 0x000001a91d562800 nmethod 12911 0x000001a909537990 code [0x000001a909537ee0, 0x000001a90953b128]
Event: 40.758 Thread 0x000001a91d562800 12912       1       com.sun.org.apache.xerces.internal.util.XMLResourceIdentifierImpl::getExpandedSystemId (5 bytes)
Event: 40.758 Thread 0x000001a91d562800 nmethod 12912 0x000001a90f5d7310 code [0x000001a90f5d74c0, 0x000001a90f5d7578]
Event: 40.758 Thread 0x000001a91d562800 12913   !   3       com.sun.org.apache.xerces.internal.impl.XMLDocumentFragmentScannerImpl$FragmentContentDriver::next (2329 bytes)
Event: 40.758 Thread 0x000001a921540000 nmethod 12873 0x000001a90f5d7610 code [0x000001a90f5d7800, 0x000001a90f5d7d68]
Event: 40.758 Thread 0x000001a921540000 12904       4       java.util.concurrent.ConcurrentHashMap$BaseIterator::hasNext (13 bytes)
Event: 40.759 Thread 0x000001a921540000 nmethod 12904 0x000001a90f5d8110 code [0x000001a90f5d82a0, 0x000001a90f5d8318]
Event: 40.759 Thread 0x000001a921540000 12875       4       com.google.common.collect.ImmutableList::listIterator (14 bytes)
Event: 40.762 Thread 0x000001a921540000 nmethod 12875 0x000001a90f5d8390 code [0x000001a90f5d8540, 0x000001a90f5d8758]
Event: 40.771 Thread 0x000001a91d562800 nmethod 12913 0x000001a90953c490 code [0x000001a90953ce40, 0x000001a909542fd8]
Event: 40.771 Thread 0x000001a91d562800 12915       3       com.sun.org.apache.xerces.internal.impl.XMLNSDocumentScannerImpl::next (39 bytes)
Event: 40.771 Thread 0x000001a91d562800 nmethod 12915 0x000001a909547310 code [0x000001a9095474e0, 0x000001a909547888]
Event: 40.771 Thread 0x000001a91d562800 12914       3       javax.xml.namespace.QName::hashCode (16 bytes)
Event: 40.772 Thread 0x000001a91d562800 nmethod 12914 0x000001a909547a10 code [0x000001a909547be0, 0x000001a909547d78]
Event: 40.781 Thread 0x000001a91d562800 12916       3       java.util.zip.ZipFile$Source::getEntryPos (206 bytes)
Event: 40.782 Thread 0x000001a91d562800 nmethod 12916 0x000001a909547e90 code [0x000001a909548100, 0x000001a909548d98]
Event: 40.797 Thread 0x000001a921540000 12917       4       java.net.URLClassLoader$1::run (5 bytes)
Event: 40.945 Thread 0x000001a91d556000 nmethod 12872 0x000001a90f5d8910 code [0x000001a90f5d8d80, 0x000001a90f5dbc68]
Event: 40.945 Thread 0x000001a91d556000 12918   !   4       java.net.URLClassLoader$1::run (63 bytes)

GC Heap History (20 events):
Event: 14.701 GC heap before
{Heap before GC invocations=15 (full 0):
 garbage-first heap   total 189440K, used 131121K [0x0000000080000000, 0x0000000100000000)
  region size 1024K, 73 young (74752K), 10 survivors (10240K)
 Metaspace       used 56994K, capacity 58693K, committed 58880K, reserved 1099776K
  class space    used 7343K, capacity 7889K, committed 7936K, reserved 1048576K
}
Event: 14.721 GC heap after
{Heap after GC invocations=16 (full 0):
 garbage-first heap   total 189440K, used 72597K [0x0000000080000000, 0x0000000100000000)
  region size 1024K, 6 young (6144K), 6 survivors (6144K)
 Metaspace       used 56994K, capacity 58693K, committed 58880K, reserved 1099776K
  class space    used 7343K, capacity 7889K, committed 7936K, reserved 1048576K
}
Event: 16.446 GC heap before
{Heap before GC invocations=16 (full 0):
 garbage-first heap   total 189440K, used 135061K [0x0000000080000000, 0x0000000100000000)
  region size 1024K, 67 young (68608K), 6 survivors (6144K)
 Metaspace       used 65847K, capacity 67706K, committed 67840K, reserved 1107968K
  class space    used 8455K, capacity 9101K, committed 9216K, reserved 1048576K
}
Event: 16.464 GC heap after
{Heap after GC invocations=17 (full 0):
 garbage-first heap   total 227328K, used 75419K [0x0000000080000000, 0x0000000100000000)
  region size 1024K, 3 young (3072K), 3 survivors (3072K)
 Metaspace       used 65847K, capacity 67706K, committed 67840K, reserved 1107968K
  class space    used 8455K, capacity 9101K, committed 9216K, reserved 1048576K
}
Event: 16.579 GC heap before
{Heap before GC invocations=17 (full 0):
 garbage-first heap   total 227328K, used 77467K [0x0000000080000000, 0x0000000100000000)
  region size 1024K, 6 young (6144K), 3 survivors (3072K)
 Metaspace       used 66954K, capacity 68829K, committed 68864K, reserved 1110016K
  class space    used 8569K, capacity 9198K, committed 9216K, reserved 1048576K
}
Event: 16.591 GC heap after
{Heap after GC invocations=18 (full 0):
 garbage-first heap   total 227328K, used 76073K [0x0000000080000000, 0x0000000100000000)
  region size 1024K, 4 young (4096K), 4 survivors (4096K)
 Metaspace       used 66954K, capacity 68829K, committed 68864K, reserved 1110016K
  class space    used 8569K, capacity 9198K, committed 9216K, reserved 1048576K
}
Event: 18.294 GC heap before
{Heap before GC invocations=19 (full 0):
 garbage-first heap   total 227328K, used 144681K [0x0000000080000000, 0x0000000100000000)
  region size 1024K, 71 young (72704K), 4 survivors (4096K)
 Metaspace       used 71738K, capacity 73751K, committed 73848K, reserved 1114112K
  class space    used 9191K, capacity 9844K, committed 9856K, reserved 1048576K
}
Event: 18.312 GC heap after
{Heap after GC invocations=20 (full 0):
 garbage-first heap   total 227328K, used 80863K [0x0000000080000000, 0x0000000100000000)
  region size 1024K, 9 young (9216K), 9 survivors (9216K)
 Metaspace       used 71738K, capacity 73751K, committed 73848K, reserved 1114112K
  class space    used 9191K, capacity 9844K, committed 9856K, reserved 1048576K
}
Event: 19.724 GC heap before
{Heap before GC invocations=20 (full 0):
 garbage-first heap   total 227328K, used 151519K [0x0000000080000000, 0x0000000100000000)
  region size 1024K, 78 young (79872K), 9 survivors (9216K)
 Metaspace       used 77191K, capacity 79274K, committed 79480K, reserved 1118208K
  class space    used 10069K, capacity 10808K, committed 10880K, reserved 1048576K
}
Event: 19.764 GC heap after
{Heap after GC invocations=21 (full 0):
 garbage-first heap   total 227328K, used 85322K [0x0000000080000000, 0x0000000100000000)
  region size 1024K, 5 young (5120K), 5 survivors (5120K)
 Metaspace       used 77191K, capacity 79274K, committed 79480K, reserved 1118208K
  class space    used 10069K, capacity 10808K, committed 10880K, reserved 1048576K
}
Event: 21.622 GC heap before
{Heap before GC invocations=21 (full 0):
 garbage-first heap   total 227328K, used 172362K [0x0000000080000000, 0x0000000100000000)
  region size 1024K, 81 young (82944K), 5 survivors (5120K)
 Metaspace       used 83568K, capacity 85733K, committed 85880K, reserved 1124352K
  class space    used 10812K, capacity 11601K, committed 11648K, reserved 1048576K
}
Event: 21.637 GC heap after
{Heap after GC invocations=22 (full 0):
 garbage-first heap   total 227328K, used 100682K [0x0000000080000000, 0x0000000100000000)
  region size 1024K, 11 young (11264K), 11 survivors (11264K)
 Metaspace       used 83568K, capacity 85733K, committed 85880K, reserved 1124352K
  class space    used 10812K, capacity 11601K, committed 11648K, reserved 1048576K
}
Event: 23.108 GC heap before
{Heap before GC invocations=22 (full 0):
 garbage-first heap   total 227328K, used 169290K [0x0000000080000000, 0x0000000100000000)
  region size 1024K, 78 young (79872K), 11 survivors (11264K)
 Metaspace       used 91741K, capacity 94039K, committed 94200K, reserved 1130496K
  class space    used 11872K, capacity 12706K, committed 12800K, reserved 1048576K
}
Event: 23.147 GC heap after
{Heap after GC invocations=23 (full 0):
 garbage-first heap   total 227328K, used 104903K [0x0000000080000000, 0x0000000100000000)
  region size 1024K, 5 young (5120K), 5 survivors (5120K)
 Metaspace       used 91741K, capacity 94039K, committed 94200K, reserved 1130496K
  class space    used 11872K, capacity 12706K, committed 12800K, reserved 1048576K
}
Event: 34.617 GC heap before
{Heap before GC invocations=23 (full 0):
 garbage-first heap   total 227328K, used 172487K [0x0000000080000000, 0x0000000100000000)
  region size 1024K, 72 young (73728K), 5 survivors (5120K)
 Metaspace       used 98943K, capacity 101386K, committed 101496K, reserved 1136640K
  class space    used 12711K, capacity 13589K, committed 13696K, reserved 1048576K
}
Event: 34.636 GC heap after
{Heap after GC invocations=24 (full 0):
 garbage-first heap   total 227328K, used 109323K [0x0000000080000000, 0x0000000100000000)
  region size 1024K, 9 young (9216K), 9 survivors (9216K)
 Metaspace       used 98943K, capacity 101386K, committed 101496K, reserved 1136640K
  class space    used 12711K, capacity 13589K, committed 13696K, reserved 1048576K
}
Event: 38.629 GC heap before
{Heap before GC invocations=24 (full 0):
 garbage-first heap   total 227328K, used 175883K [0x0000000080000000, 0x0000000100000000)
  region size 1024K, 75 young (76800K), 9 survivors (9216K)
 Metaspace       used 100825K, capacity 103441K, committed 103672K, reserved 1138688K
  class space    used 12982K, capacity 13954K, committed 14080K, reserved 1048576K
}
Event: 38.649 GC heap after
{Heap after GC invocations=25 (full 0):
 garbage-first heap   total 227328K, used 112280K [0x0000000080000000, 0x0000000100000000)
  region size 1024K, 8 young (8192K), 8 survivors (8192K)
 Metaspace       used 100825K, capacity 103441K, committed 103672K, reserved 1138688K
  class space    used 12982K, capacity 13954K, committed 14080K, reserved 1048576K
}
Event: 40.497 GC heap before
{Heap before GC invocations=25 (full 0):
 garbage-first heap   total 227328K, used 179864K [0x0000000080000000, 0x0000000100000000)
  region size 1024K, 75 young (76800K), 8 survivors (8192K)
 Metaspace       used 102326K, capacity 105049K, committed 105336K, reserved 1140736K
  class space    used 13119K, capacity 14102K, committed 14208K, reserved 1048576K
}
Event: 40.520 GC heap after
{Heap after GC invocations=26 (full 0):
 garbage-first heap   total 227328K, used 116817K [0x0000000080000000, 0x0000000100000000)
  region size 1024K, 8 young (8192K), 8 survivors (8192K)
 Metaspace       used 102326K, capacity 105049K, committed 105336K, reserved 1140736K
  class space    used 13119K, capacity 14102K, committed 14208K, reserved 1048576K
}

Deoptimization events (20 events):
Event: 40.529 Thread 0x000001a91d535800 Uncommon trap: trap_request=0xffffff4d fr.pc=0x000001a90f3c34e0 relative=0x0000000000000340
Event: 40.529 Thread 0x000001a91d535800 Uncommon trap: reason=unstable_if action=reinterpret pc=0x000001a90f3c34e0 method=java.util.HashMap$HashIterator.<init>(Ljava/util/HashMap;)V @ 45 c2
Event: 40.529 Thread 0x000001a91d535800 DEOPT PACKING pc=0x000001a90f3c34e0 sp=0x00000089767feb20
Event: 40.529 Thread 0x000001a91d535800 DEOPT UNPACKING pc=0x000001a90747662f sp=0x00000089767fead8 mode 2
Event: 40.699 Thread 0x000001a9205de000 Uncommon trap: trap_request=0xfffffff4 fr.pc=0x000001a90f5b8960 relative=0x00000000000002e0
Event: 40.699 Thread 0x000001a9205de000 Uncommon trap: reason=null_check action=make_not_entrant pc=0x000001a90f5b8960 method=org.gradle.cache.internal.DefaultCrossBuildInMemoryCacheFactory$DefaultCrossBuildInMemoryCache.maybeGetRetainedValue(Ljava/lang/Object;)Ljava/lang/Object; @ 10 c2
Event: 40.699 Thread 0x000001a9205de000 DEOPT PACKING pc=0x000001a90f5b8960 sp=0x00000089778f8d60
Event: 40.700 Thread 0x000001a9205de000 DEOPT UNPACKING pc=0x000001a90747662f sp=0x00000089778f8c98 mode 2
Event: 40.707 Thread 0x000001a91f9a5800 Uncommon trap: trap_request=0xffffff4d fr.pc=0x000001a90f5c97e0 relative=0x0000000000000400
Event: 40.707 Thread 0x000001a91f9a5800 Uncommon trap: reason=unstable_if action=reinterpret pc=0x000001a90f5c97e0 method=com.esotericsoftware.kryo.io.Input.readVarLong(Z)J @ 152 c2
Event: 40.707 Thread 0x000001a91f9a5800 DEOPT PACKING pc=0x000001a90f5c97e0 sp=0x0000008978bfe1d0
Event: 40.707 Thread 0x000001a91f9a5800 DEOPT UNPACKING pc=0x000001a90747662f sp=0x0000008978bfe180 mode 2
Event: 40.711 Thread 0x000001a9205de000 Uncommon trap: trap_request=0xffffffc6 fr.pc=0x000001a90f28cf80 relative=0x0000000000000760
Event: 40.711 Thread 0x000001a9205de000 Uncommon trap: reason=bimorphic_or_optimized_type_check action=maybe_recompile pc=0x000001a90f28cf80 method=java.util.Spliterators$IteratorSpliterator.tryAdvance(Ljava/util/function/Consumer;)Z @ 50 c2
Event: 40.712 Thread 0x000001a9205de000 DEOPT PACKING pc=0x000001a90f28cf80 sp=0x00000089778fab50
Event: 40.712 Thread 0x000001a9205de000 DEOPT UNPACKING pc=0x000001a90747662f sp=0x00000089778faa08 mode 2
Event: 40.772 Thread 0x000001a9205de000 Uncommon trap: trap_request=0xffffff4d fr.pc=0x000001a90ef40f40 relative=0x00000000000007e0
Event: 40.772 Thread 0x000001a9205de000 Uncommon trap: reason=unstable_if action=reinterpret pc=0x000001a90ef40f40 method=java.util.zip.ZipFile$Source.getEntryPos([BZ)I @ 105 c2
Event: 40.772 Thread 0x000001a9205de000 DEOPT PACKING pc=0x000001a90ef40f40 sp=0x00000089778f8390
Event: 40.772 Thread 0x000001a9205de000 DEOPT UNPACKING pc=0x000001a90747662f sp=0x00000089778f8330 mode 2

Classes redefined (0 events):
No events

Internal exceptions (20 events):
Event: 34.691 Thread 0x000001a91f576800 Exception <a 'java/lang/IncompatibleClassChangeError'{0x000000008d881508}: Found class java.lang.Object, but interface was expected> (0x000000008d881508) thrown at [./src/hotspot/share/interpreter/linkResolver.cpp, line 839]
Event: 34.691 Thread 0x000001a921193800 Exception <a 'java/lang/IncompatibleClassChangeError'{0x000000008d85d998}: Found class java.lang.Object, but interface was expected> (0x000000008d85d998) thrown at [./src/hotspot/share/interpreter/linkResolver.cpp, line 839]
Event: 34.691 Thread 0x000001a92118b800 Exception <a 'java/lang/IncompatibleClassChangeError'{0x000000008dbeb728}: Found class java.lang.Object, but interface was expected> (0x000000008dbeb728) thrown at [./src/hotspot/share/interpreter/linkResolver.cpp, line 839]
Event: 34.708 Thread 0x000001a91f57e000 Exception <a 'java/lang/NoSuchMethodError'{0x000000008d768138}: 'java.lang.Object java.lang.invoke.DirectMethodHandle$Holder.invokeSpecialIFC(java.lang.Object, java.lang.Object, java.lang.Object)'> (0x000000008d768138) thrown at [./src/hotspot/share/interpreter/linkResolver.cpp, line 773]
Event: 34.709 Thread 0x000001a91f576800 Exception <a 'java/lang/NoSuchMethodError'{0x000000008d734bc8}: 'java.lang.Object java.lang.invoke.DirectMethodHandle$Holder.invokeSpecialIFC(java.lang.Object, java.lang.Object, java.lang.Object)'> (0x000000008d734bc8) thrown at [./src/hotspot/share/interpreter/linkResolver.cpp, line 773]
Event: 34.708 Thread 0x000001a92118b800 Exception <a 'java/lang/NoSuchMethodError'{0x000000008d75ed88}: 'java.lang.Object java.lang.invoke.DirectMethodHandle$Holder.invokeSpecialIFC(java.lang.Object, java.lang.Object, java.lang.Object)'> (0x000000008d75ed88) thrown at [./src/hotspot/share/interpreter/linkResolver.cpp, line 773]
Event: 34.759 Thread 0x000001a921193800 Exception <a 'java/lang/IncompatibleClassChangeError'{0x000000008d51cde0}: Found class java.lang.Object, but interface was expected> (0x000000008d51cde0) thrown at [./src/hotspot/share/interpreter/linkResolver.cpp, line 839]
Event: 34.759 Thread 0x000001a91f57e000 Exception <a 'java/lang/IncompatibleClassChangeError'{0x000000008d52c538}: Found class java.lang.Object, but interface was expected> (0x000000008d52c538) thrown at [./src/hotspot/share/interpreter/linkResolver.cpp, line 839]
Event: 34.795 Thread 0x000001a91f57e000 Exception <a 'java/lang/NoSuchMethodError'{0x000000008d380c30}: 'int java.lang.invoke.DirectMethodHandle$Holder.invokeStaticInit(java.lang.Object, java.lang.Object, java.lang.Object, java.lang.Object, java.lang.Object)'> (0x000000008d380c30) thrown at [./src/hotspot/share/interpreter/linkResolver.cpp, line 773]
Event: 35.100 Thread 0x000001a91f57e000 Exception <a 'java/net/SocketTimeoutException'{0x000000008c78a368}: Read timed out> (0x000000008c78a368) thrown at [./src/hotspot/share/prims/jni.cpp, line 636]
Event: 35.115 Thread 0x000001a91f576800 Exception <a 'java/net/SocketTimeoutException'{0x000000008c7eb3e8}: Read timed out> (0x000000008c7eb3e8) thrown at [./src/hotspot/share/prims/jni.cpp, line 636]
Event: 35.522 Thread 0x000001a92118b800 Exception <a 'java/lang/NoSuchMethodError'{0x000000008c124da0}: 'void java.lang.invoke.DirectMethodHandle$Holder.invokeStatic(java.lang.Object, java.lang.Object, java.lang.Object, java.lang.Object, java.lang.Object, java.lang.Object, java.lang.Object)'> (0x000000008c124da0) thrown at [./src/hotspot/share/interpreter/linkResolver.cpp, line 773]
Event: 35.522 Thread 0x000001a921193800 Exception <a 'java/lang/NoSuchMethodError'{0x000000008c1300e0}: 'void java.lang.invoke.DirectMethodHandle$Holder.invokeStatic(java.lang.Object, java.lang.Object, java.lang.Object, java.lang.Object, java.lang.Object, java.lang.Object, java.lang.Object)'> (0x000000008c1300e0) thrown at [./src/hotspot/share/interpreter/linkResolver.cpp, line 773]
Event: 39.074 Thread 0x000001a921193800 Exception <a 'java/net/SocketTimeoutException'{0x000000008c8a8a30}: Read timed out> (0x000000008c8a8a30) thrown at [./src/hotspot/share/prims/jni.cpp, line 636]
Event: 39.088 Thread 0x000001a91f574800 Exception <a 'java/net/SocketTimeoutException'{0x000000008c8cc3a0}: Read timed out> (0x000000008c8cc3a0) thrown at [./src/hotspot/share/prims/jni.cpp, line 636]
Event: 39.558 Thread 0x000001a9205de000 Exception <a 'java/lang/IncompatibleClassChangeError'{0x000000008bb3fd38}: Found class java.lang.Object, but interface was expected> (0x000000008bb3fd38) thrown at [./src/hotspot/share/interpreter/linkResolver.cpp, line 839]
Event: 40.122 Thread 0x000001a9205de000 Exception <a 'java/lang/NoSuchMethodError'{0x000000008a817738}: 'void java.lang.invoke.DirectMethodHandle$Holder.invokeSpecial(java.lang.Object, java.lang.Object, java.lang.Object, java.lang.Object, int, java.lang.Object, java.lang.Object)'> (0x000000008a817738) thrown at [./src/hotspot/share/interpreter/linkResolver.cpp, line 773]
Event: 40.472 Thread 0x000001a9205de000 Exception <a 'java/lang/NoSuchMethodError'{0x0000000089cef130}: 'int java.lang.invoke.DirectMethodHandle$Holder.invokeSpecialIFC(java.lang.Object, java.lang.Object, java.lang.Object)'> (0x0000000089cef130) thrown at [./src/hotspot/share/interpreter/linkResolver.cpp, line 773]
Event: 40.689 Thread 0x000001a9205de000 Exception <a 'java/lang/NoSuchMethodError'{0x000000008d6878b0}: 'void java.lang.invoke.DirectMethodHandle$Holder.invokeStatic(java.lang.Object, int, java.lang.Object)'> (0x000000008d6878b0) thrown at [./src/hotspot/share/interpreter/linkResolver.cpp, line 773]
Event: 40.699 Thread 0x000001a9205de000 Implicit null exception at 0x000001a90f5b872c to 0x000001a90f5b8954

Events (20 events):
Event: 40.933 loading class com/android/tools/r8/shaking/i
Event: 40.933 loading class com/android/tools/r8/shaking/i done
Event: 40.935 loading class com/android/tools/r8/internal/rU0
Event: 40.935 loading class com/android/tools/r8/internal/rU0 done
Event: 40.936 loading class com/android/tools/r8/graph/h
Event: 40.936 loading class com/android/tools/r8/graph/h done
Event: 40.939 loading class com/android/tools/r8/graph/H
Event: 40.939 loading class com/android/tools/r8/graph/H done
Event: 40.941 loading class com/android/tools/r8/internal/iG0
Event: 40.941 loading class com/android/tools/r8/internal/iG0 done
Event: 40.942 loading class com/android/tools/r8/internal/CK0
Event: 40.942 loading class com/android/tools/r8/internal/CK0 done
Event: 40.944 loading class com/android/tools/r8/graph/c0
Event: 40.944 loading class com/android/tools/r8/graph/c0 done
Event: 40.946 loading class com/android/tools/r8/graph/S0
Event: 40.946 loading class com/android/tools/r8/graph/S0 done
Event: 40.949 loading class com/android/tools/r8/internal/of1
Event: 40.949 loading class com/android/tools/r8/internal/of1 done
Event: 40.967 loading class com/android/tools/r8/internal/pf1
Event: 40.967 loading class com/android/tools/r8/internal/pf1 done


Dynamic libraries:
0x00007ff659a10000 - 0x00007ff659a1a000 	C:\Program Files\Android\Android Studio\jre\bin\java.exe
0x00007ff843150000 - 0x00007ff843345000 	C:\WINDOWS\SYSTEM32\ntdll.dll
0x00007ff843050000 - 0x00007ff84310e000 	C:\WINDOWS\System32\KERNEL32.DLL
0x00007ff840870000 - 0x00007ff840b38000 	C:\WINDOWS\System32\KERNELBASE.dll
0x00007ff8410b0000 - 0x00007ff8411b0000 	C:\WINDOWS\System32\ucrtbase.dll
0x00007ff839350000 - 0x00007ff839367000 	C:\Program Files\Android\Android Studio\jre\bin\VCRUNTIME140.dll
0x00007ff833f40000 - 0x00007ff833f59000 	C:\Program Files\Android\Android Studio\jre\bin\jli.dll
0x00007ff842430000 - 0x00007ff8425d0000 	C:\WINDOWS\System32\USER32.dll
0x00007ff833f90000 - 0x00007ff83422a000 	C:\WINDOWS\WinSxS\amd64_microsoft.windows.common-controls_6595b64144ccf1df_6.0.19041.1110_none_60b5254171f9507e\COMCTL32.dll
0x00007ff840cd0000 - 0x00007ff840cf2000 	C:\WINDOWS\System32\win32u.dll
0x00007ff841360000 - 0x00007ff8413fe000 	C:\WINDOWS\System32\msvcrt.dll
0x00007ff841460000 - 0x00007ff84148a000 	C:\WINDOWS\System32\GDI32.dll
0x00007ff840b90000 - 0x00007ff840c9b000 	C:\WINDOWS\System32\gdi32full.dll
0x00007ff840db0000 - 0x00007ff840e4d000 	C:\WINDOWS\System32\msvcp_win.dll
0x00007ff8411b0000 - 0x00007ff8411e0000 	C:\WINDOWS\System32\IMM32.DLL
0x00007ff826980000 - 0x00007ff826a1d000 	C:\Program Files\Android\Android Studio\jre\bin\msvcp140.dll
0x00007ff811b00000 - 0x00007ff8125d5000 	C:\Program Files\Android\Android Studio\jre\bin\server\jvm.dll
0x00007ff842bc0000 - 0x00007ff842c6e000 	C:\WINDOWS\System32\ADVAPI32.dll
0x00007ff8425d0000 - 0x00007ff84266c000 	C:\WINDOWS\System32\sechost.dll
0x00007ff8428f0000 - 0x00007ff842a15000 	C:\WINDOWS\System32\RPCRT4.dll
0x00007ff82eeb0000 - 0x00007ff82eeb9000 	C:\WINDOWS\SYSTEM32\WSOCK32.dll
0x00007ff8324b0000 - 0x00007ff8324d7000 	C:\WINDOWS\SYSTEM32\WINMM.dll
0x00007ff842a20000 - 0x00007ff842a28000 	C:\WINDOWS\System32\PSAPI.DLL
0x00007ff835f70000 - 0x00007ff835f7a000 	C:\WINDOWS\SYSTEM32\VERSION.dll
0x00007ff8417f0000 - 0x00007ff84185b000 	C:\WINDOWS\System32\WS2_32.dll
0x00007ff83f150000 - 0x00007ff83f162000 	C:\WINDOWS\SYSTEM32\kernel.appcore.dll
0x00007ff839210000 - 0x00007ff839221000 	C:\Program Files\Android\Android Studio\jre\bin\verify.dll
0x00007ff83ee30000 - 0x00007ff83f014000 	C:\WINDOWS\SYSTEM32\DBGHELP.DLL
0x00007ff82d200000 - 0x00007ff82d22c000 	C:\WINDOWS\SYSTEM32\dbgcore.DLL
0x00007ff841020000 - 0x00007ff8410a2000 	C:\WINDOWS\System32\bcryptPrimitives.dll
0x00007ff836500000 - 0x00007ff836529000 	C:\Program Files\Android\Android Studio\jre\bin\java.dll
0x00007ff83bc40000 - 0x00007ff83bc4b000 	C:\Program Files\Android\Android Studio\jre\bin\jimage.dll
0x00007ff839170000 - 0x00007ff839188000 	C:\Program Files\Android\Android Studio\jre\bin\zip.dll
0x00007ff841860000 - 0x00007ff841fa4000 	C:\WINDOWS\System32\SHELL32.dll
0x00007ff83e5c0000 - 0x00007ff83ed54000 	C:\WINDOWS\SYSTEM32\windows.storage.dll
0x00007ff842c70000 - 0x00007ff842fc4000 	C:\WINDOWS\System32\combase.dll
0x00007ff840210000 - 0x00007ff84023c000 	C:\WINDOWS\SYSTEM32\Wldp.dll
0x00007ff841740000 - 0x00007ff8417ed000 	C:\WINDOWS\System32\SHCORE.dll
0x00007ff842a30000 - 0x00007ff842a85000 	C:\WINDOWS\System32\shlwapi.dll
0x00007ff8407b0000 - 0x00007ff8407cf000 	C:\WINDOWS\SYSTEM32\profapi.dll
0x00007ff836220000 - 0x00007ff83623a000 	C:\Program Files\Android\Android Studio\jre\bin\net.dll
0x00007ff831c90000 - 0x00007ff831d9a000 	C:\WINDOWS\SYSTEM32\WINHTTP.dll
0x00007ff83ff70000 - 0x00007ff83ffda000 	C:\WINDOWS\system32\mswsock.dll
0x00007ff833e70000 - 0x00007ff833e84000 	C:\Program Files\Android\Android Studio\jre\bin\nio.dll
0x00007ff833f60000 - 0x00007ff833f87000 	C:\Users\Hi\.gradle\native\e1d6ef7f7dcc3fd88c89a11ec53ec762bb8ba0a96d01ffa2cd45eb1d1d8dd5c5\windows-amd64\native-platform.dll
0x00007ff819820000 - 0x00007ff819964000 	C:\Users\Hi\.gradle\native\5664cfc778a61ccfe75a443a1ab52a65af34e5dc3c78e0209fed803814484fcb\windows-amd64\native-platform-file-events.dll
0x00007ff83a040000 - 0x00007ff83a04a000 	C:\Program Files\Android\Android Studio\jre\bin\management.dll
0x00007ff839fc0000 - 0x00007ff839fcd000 	C:\Program Files\Android\Android Studio\jre\bin\management_ext.dll
0x00007ff840170000 - 0x00007ff840188000 	C:\WINDOWS\SYSTEM32\CRYPTSP.dll
0x00007ff83f8f0000 - 0x00007ff83f924000 	C:\WINDOWS\system32\rsaenh.dll
0x00007ff840ca0000 - 0x00007ff840cc7000 	C:\WINDOWS\System32\bcrypt.dll
0x00007ff840730000 - 0x00007ff84075e000 	C:\WINDOWS\SYSTEM32\USERENV.dll
0x00007ff840160000 - 0x00007ff84016c000 	C:\WINDOWS\SYSTEM32\CRYPTBASE.dll
0x00007ff83fc60000 - 0x00007ff83fc9b000 	C:\WINDOWS\SYSTEM32\IPHLPAPI.DLL
0x00007ff842420000 - 0x00007ff842428000 	C:\WINDOWS\System32\NSI.dll
0x00007ff836490000 - 0x00007ff8364a7000 	C:\WINDOWS\SYSTEM32\dhcpcsvc6.DLL
0x00007ff837270000 - 0x00007ff83728d000 	C:\WINDOWS\SYSTEM32\dhcpcsvc.DLL
0x00007ff83fca0000 - 0x00007ff83fd6b000 	C:\WINDOWS\SYSTEM32\DNSAPI.dll
0x00007ff830050000 - 0x00007ff830077000 	C:\Program Files\Android\Android Studio\jre\bin\sunec.dll
0x00007ff8311e0000 - 0x00007ff8311ea000 	C:\Windows\System32\rasadhlp.dll
0x00007ff831db0000 - 0x00007ff831e2f000 	C:\WINDOWS\System32\fwpuclnt.dll

dbghelp: loaded successfully - version: 4.0.5 - missing functions: none
symbol engine: initialized successfully - sym options: 0x614 - pdb path: .;C:\Program Files\Android\Android Studio\jre\bin;C:\WINDOWS\SYSTEM32;C:\WINDOWS\WinSxS\amd64_microsoft.windows.common-controls_6595b64144ccf1df_6.0.19041.1110_none_60b5254171f9507e;C:\Program Files\Android\Android Studio\jre\bin\server;C:\Users\Hi\.gradle\native\e1d6ef7f7dcc3fd88c89a11ec53ec762bb8ba0a96d01ffa2cd45eb1d1d8dd5c5\windows-amd64;C:\Users\Hi\.gradle\native\5664cfc778a61ccfe75a443a1ab52a65af34e5dc3c78e0209fed803814484fcb\windows-amd64

VM Arguments:
jvm_args: --add-opens=java.base/java.util=ALL-UNNAMED --add-opens=java.base/java.lang=ALL-UNNAMED --add-opens=java.base/java.lang.invoke=ALL-UNNAMED --add-opens=java.base/java.util=ALL-UNNAMED --add-opens=java.prefs/java.util.prefs=ALL-UNNAMED --add-opens=java.prefs/java.util.prefs=ALL-UNNAMED --add-opens=java.base/java.nio.charset=ALL-UNNAMED --add-opens=java.base/java.net=ALL-UNNAMED --add-opens=java.base/java.util.concurrent.atomic=ALL-UNNAMED -Xmx2048m -Dfile.encoding=UTF-8 -Duser.country=IN -Duser.language=en -Duser.variant 
java_command: org.gradle.launcher.daemon.bootstrap.GradleDaemon 7.2
java_class_path (initial): C:\Users\Hi\.gradle\wrapper\dists\gradle-7.2-bin\2dnblmf4td7x66yl1d74lt32g\gradle-7.2\lib\gradle-launcher-7.2.jar
Launcher Type: SUN_STANDARD

[Global flags]
     intx CICompilerCount                          = 3                                         {product} {ergonomic}
     uint ConcGCThreads                            = 1                                         {product} {ergonomic}
     uint G1ConcRefinementThreads                  = 4                                         {product} {ergonomic}
   size_t G1HeapRegionSize                         = 1048576                                   {product} {ergonomic}
    uintx GCDrainStackTargetSize                   = 64                                        {product} {ergonomic}
   size_t InitialHeapSize                          = 134217728                                 {product} {ergonomic}
   size_t MarkStackSize                            = 4194304                                   {product} {ergonomic}
   size_t MaxHeapSize                              = 2147483648                                {product} {command line}
   size_t MaxNewSize                               = 1287651328                                {product} {ergonomic}
   size_t MinHeapDeltaBytes                        = 1048576                                   {product} {ergonomic}
    uintx NonNMethodCodeHeapSize                   = 5830732                                {pd product} {ergonomic}
    uintx NonProfiledCodeHeapSize                  = 122913754                              {pd product} {ergonomic}
    uintx ProfiledCodeHeapSize                     = 122913754                              {pd product} {ergonomic}
    uintx ReservedCodeCacheSize                    = 251658240                              {pd product} {ergonomic}
     bool SegmentedCodeCache                       = true                                      {product} {ergonomic}
     bool UseCompressedClassPointers               = true                                 {lp64_product} {ergonomic}
     bool UseCompressedOops                        = true                                 {lp64_product} {ergonomic}
     bool UseG1GC                                  = true                                      {product} {ergonomic}
     bool UseLargePagesIndividualAllocation        = false                                  {pd product} {ergonomic}

Logging:
Log output configuration:
 #0: stdout all=warning uptime,level,tags
 #1: stderr all=off uptime,level,tags

Environment Variables:
PATH=C:\WINDOWS\system32;C:\WINDOWS;C:\WINDOWS\System32\Wbem;C:\WINDOWS\System32\WindowsPowerShell\v1.0\;C:\WINDOWS\System32\OpenSSH\;C:\Program Files\Git\cmd;C:\Users\Hi\AppData\Local\Microsoft\WindowsApps;;C:\Program Files\JetBrains\IntelliJ IDEA Community Edition 2021.3.3\bin;
USERNAME=Hi
OS=Windows_NT
PROCESSOR_IDENTIFIER=Intel64 Family 6 Model 61 Stepping 4, GenuineIntel



---------------  S Y S T E M  ---------------

OS: Windows 10 , 64 bit Build 19041 (10.0.19041.1645)
OS uptime: 3 days 17:59 hours

CPU:total 4 (initial active 4) (2 cores per cpu, 2 threads per core) family 6 model 61 stepping 4 microcode 0x2d, cmov, cx8, fxsr, mmx, sse, sse2, sse3, ssse3, sse4.1, sse4.2, popcnt, avx, avx2, aes, clmul, erms, rtm, 3dnowpref, lzcnt, ht, tsc, tscinvbit, bmi1, bmi2, adx, fma

Memory: 4k page, system-wide physical 8067M (423M free)
TotalPageFile size 25630M (AvailPageFile size 5M)
current process WorkingSet (physical memory assigned to process): 442M, peak: 442M
current process commit charge ("private bytes"): 522M, peak: 523M

vm_info: OpenJDK 64-Bit Server VM (11.0.11+9-b60-7590822) for windows-amd64 JRE (11.0.11+9-b60-7590822), built on Jul 29 2021 21:43:44 by "builder" with MS VC++ 14.0 (VS2015)

END.
