#
# There is insufficient memory for the Java Runtime Environment to continue.
# Native memory allocation (malloc) failed to allocate 1307216 bytes for Chunk::new
# Possible reasons:
#   The system is out of physical RAM or swap space
#   The process is running with CompressedOops enabled, and the Java Heap may be blocking the growth of the native heap
# Possible solutions:
#   Reduce memory load on the system
#   Increase physical memory or swap space
#   Check if swap backing store is full
#   Decrease Java heap size (-Xmx/-Xms)
#   Decrease number of Java threads
#   Decrease Java thread stack sizes (-Xss)
#   Set larger code cache with -XX:ReservedCodeCacheSize=
#   JVM is running with Unscaled Compressed Oops mode in which the Java heap is
#     placed in the first 4GB address space. The Java Heap base address is the
#     maximum limit for the native heap growth. Please use -XX:HeapBaseMinAddress
#     to set the Java Heap base and to place the Java Heap above 4GB virtual address.
# This output file may be truncated or incomplete.
#
#  Out of Memory Error (./src/hotspot/share/memory/arena.cpp:197), pid=15996, tid=4688
#
# JRE version: OpenJDK Runtime Environment (11.0.11+9) (build 11.0.11+9-b60-7590822)
# Java VM: OpenJDK 64-Bit Server VM (11.0.11+9-b60-7590822, mixed mode, tiered, compressed oops, g1 gc, windows-amd64)
# No core dump will be written. Minidumps are not enabled by default on client versions of Windows
#

---------------  S U M M A R Y ------------

Command Line: --add-opens=java.base/java.util=ALL-UNNAMED --add-opens=java.base/java.lang=ALL-UNNAMED --add-opens=java.base/java.lang.invoke=ALL-UNNAMED --add-opens=java.base/java.util=ALL-UNNAMED --add-opens=java.prefs/java.util.prefs=ALL-UNNAMED --add-opens=java.prefs/java.util.prefs=ALL-UNNAMED --add-opens=java.base/java.nio.charset=ALL-UNNAMED --add-opens=java.base/java.net=ALL-UNNAMED --add-opens=java.base/java.util.concurrent.atomic=ALL-UNNAMED -Xmx2048m -Dfile.encoding=UTF-8 -Duser.country=IN -Duser.language=en -Duser.variant org.gradle.launcher.daemon.bootstrap.GradleDaemon 7.2

Host: Intel(R) Core(TM) i5-5300U CPU @ 2.30GHz, 4 cores, 7G,  Windows 10 , 64 bit Build 19041 (10.0.19041.1645)
Time: Wed Apr 20 12:52:13 2022 India Standard Time elapsed time: 19.776062 seconds (0d 0h 0m 19s)

---------------  T H R E A D  ---------------

Current thread (0x000001bdae640000):  JavaThread "C2 CompilerThread1" daemon [_thread_in_native, id=4688, stack(0x000000af0d300000,0x000000af0d400000)]


Current CompileTask:
C2:  19776 8517  s!   4       jdk.internal.loader.URLClassPath::getLoader (194 bytes)

Stack: [0x000000af0d300000,0x000000af0d400000]
Native frames: (J=compiled Java code, j=interpreted, Vv=VM code, C=native code)
V  [jvm.dll+0x5f214a]
V  [jvm.dll+0x726fb5]
V  [jvm.dll+0x7285cd]
V  [jvm.dll+0x728c83]
V  [jvm.dll+0x243278]
V  [jvm.dll+0xbc53c]
V  [jvm.dll+0xbca3c]
V  [jvm.dll+0x353e3b]
V  [jvm.dll+0x321893]
V  [jvm.dll+0x320d8a]
V  [jvm.dll+0x1fc1e2]
V  [jvm.dll+0x1fb3d4]
V  [jvm.dll+0x183d6c]
V  [jvm.dll+0x209a57]
V  [jvm.dll+0x2082a1]
V  [jvm.dll+0x6ef58f]
V  [jvm.dll+0x6e80b5]
V  [jvm.dll+0x5f1036]
C  [ucrtbase.dll+0x21bb2]
C  [KERNEL32.DLL+0x17034]
C  [ntdll.dll+0x52651]


---------------  P R O C E S S  ---------------

Threads class SMR info:
_java_thread_list=0x000001bdb374d6f0, length=79, elements={
0x000001bd92fab000, 0x000001bdacb8d000, 0x000001bdacb97000, 0x000001bdacba7800,
0x000001bdacbab800, 0x000001bdacbad800, 0x000001bdacbb6800, 0x000001bdacbb8800,
0x000001bdacbbb000, 0x000001bdad674000, 0x000001bdb0480800, 0x000001bdafa3b800,
0x000001bdafa3a800, 0x000001bdafa3c800, 0x000001bdafa3e000, 0x000001bdafa3d000,
0x000001bdafa38000, 0x000001bdafa3f000, 0x000001bdafa3a000, 0x000001bdafa39000,
0x000001bdaf3f9000, 0x000001bdaf3fa000, 0x000001bdaf3f4000, 0x000001bdaf3fa800,
0x000001bdaf3f5000, 0x000001bdaf3f7800, 0x000001bdaf3f6800, 0x000001bdaf3f6000,
0x000001bdaf3fd000, 0x000001bdaf3fc800, 0x000001bdaf3fb800, 0x000001bdaf3fe000,
0x000001bdaf3f8800, 0x000001bdaf3ff000, 0x000001bdaf402000, 0x000001bdaf401800,
0x000001bdb3617000, 0x000001bdae640000, 0x000001bdb3618800, 0x000001bdb361a800,
0x000001bdb3619800, 0x000001bdb361c000, 0x000001bdb361b000, 0x000001bdb3616800,
0x000001bdb361d000, 0x000001bdb361d800, 0x000001bdb3618000, 0x000001bdb3624000,
0x000001bdb361e800, 0x000001bdb3623800, 0x000001bdb3621800, 0x000001bdb3625000,
0x000001bdb3620000, 0x000001bdb361f800, 0x000001bdb3622800, 0x000001bdb3621000,
0x000001bdb4e2b000, 0x000001bdb4e27800, 0x000001bdb4e25800, 0x000001bdb4e28800,
0x000001bdb4e29800, 0x000001bdb4e2a000, 0x000001bdb4e2c000, 0x000001bdb4e26000,
0x000001bdb4e2c800, 0x000001bdb4e27000, 0x000001bdb4e33000, 0x000001bdb4e31800,
0x000001bdb4e32800, 0x000001bdb4e30800, 0x000001bdb4e2d800, 0x000001bdb4e34000,
0x000001bdb4e2e800, 0x000001bdb4e2f000, 0x000001bdb4e30000, 0x000001bdb0c9d800,
0x000001bdb0c9e000, 0x000001bdb0c9c800, 0x000001bdb0ca0800
}

Java Threads: ( => current thread )
  0x000001bd92fab000 JavaThread "main" [_thread_blocked, id=10404, stack(0x000000af0a400000,0x000000af0a500000)]
  0x000001bdacb8d000 JavaThread "Reference Handler" daemon [_thread_blocked, id=16272, stack(0x000000af0ab00000,0x000000af0ac00000)]
  0x000001bdacb97000 JavaThread "Finalizer" daemon [_thread_blocked, id=8268, stack(0x000000af0ac00000,0x000000af0ad00000)]
  0x000001bdacba7800 JavaThread "Signal Dispatcher" daemon [_thread_blocked, id=15908, stack(0x000000af0ad00000,0x000000af0ae00000)]
  0x000001bdacbab800 JavaThread "Attach Listener" daemon [_thread_blocked, id=7604, stack(0x000000af0ae00000,0x000000af0af00000)]
  0x000001bdacbad800 JavaThread "Service Thread" daemon [_thread_blocked, id=6800, stack(0x000000af0af00000,0x000000af0b000000)]
  0x000001bdacbb6800 JavaThread "C2 CompilerThread0" daemon [_thread_in_native, id=15248, stack(0x000000af0b000000,0x000000af0b100000)]
  0x000001bdacbb8800 JavaThread "C1 CompilerThread0" daemon [_thread_blocked, id=7252, stack(0x000000af0b100000,0x000000af0b200000)]
  0x000001bdacbbb000 JavaThread "Sweeper thread" daemon [_thread_blocked, id=3400, stack(0x000000af0b200000,0x000000af0b300000)]
  0x000001bdad674000 JavaThread "Common-Cleaner" daemon [_thread_blocked, id=2488, stack(0x000000af0b300000,0x000000af0b400000)]
  0x000001bdb0480800 JavaThread "Daemon health stats" [_thread_blocked, id=14464, stack(0x000000af0b800000,0x000000af0b900000)]
  0x000001bdafa3b800 JavaThread "Incoming local TCP Connector on port 64001" [_thread_in_native, id=15060, stack(0x000000af0b500000,0x000000af0b600000)]
  0x000001bdafa3a800 JavaThread "Daemon periodic checks" [_thread_blocked, id=4592, stack(0x000000af0b900000,0x000000af0ba00000)]
  0x000001bdafa3c800 JavaThread "Daemon" [_thread_blocked, id=16108, stack(0x000000af0ba00000,0x000000af0bb00000)]
  0x000001bdafa3e000 JavaThread "Handler for socket connection from /127.0.0.1:64001 to /127.0.0.1:64002" [_thread_in_native, id=11216, stack(0x000000af0bb00000,0x000000af0bc00000)]
  0x000001bdafa3d000 JavaThread "Cancel handler" [_thread_blocked, id=1280, stack(0x000000af0bc00000,0x000000af0bd00000)]
  0x000001bdafa38000 JavaThread "Daemon worker" [_thread_in_native, id=10044, stack(0x000000af0bd00000,0x000000af0be00000)]
  0x000001bdafa3f000 JavaThread "Asynchronous log dispatcher for DefaultDaemonConnection: socket connection from /127.0.0.1:64001 to /127.0.0.1:64002" [_thread_blocked, id=11180, stack(0x000000af0be00000,0x000000af0bf00000)]
  0x000001bdafa3a000 JavaThread "Stdin handler" [_thread_blocked, id=16328, stack(0x000000af0bf00000,0x000000af0c000000)]
  0x000001bdafa39000 JavaThread "Daemon client event forwarder" [_thread_blocked, id=15820, stack(0x000000af0c000000,0x000000af0c100000)]
  0x000001bdaf3f9000 JavaThread "Cache worker for journal cache (C:\Users\Hi\.gradle\caches\journal-1)" [_thread_blocked, id=4944, stack(0x000000af0c300000,0x000000af0c400000)]
  0x000001bdaf3fa000 JavaThread "File lock request listener" [_thread_in_native, id=5396, stack(0x000000af0c400000,0x000000af0c500000)]
  0x000001bdaf3f4000 JavaThread "Cache worker for file hash cache (C:\Users\Hi\.gradle\caches\7.2\fileHashes)" [_thread_blocked, id=14748, stack(0x000000af0c500000,0x000000af0c600000)]
  0x000001bdaf3fa800 JavaThread "Cache worker for file hash cache (C:\Users\Hi\AndroidStudioProjects\EntryPass_EntroLabs\.gradle\7.2\fileHashes)" [_thread_blocked, id=15668, stack(0x000000af0c600000,0x000000af0c700000)]
  0x000001bdaf3f5000 JavaThread "File watcher server" daemon [_thread_in_native, id=16128, stack(0x000000af0c700000,0x000000af0c800000)]
  0x000001bdaf3f7800 JavaThread "File watcher consumer" daemon [_thread_blocked, id=16192, stack(0x000000af0c800000,0x000000af0c900000)]
  0x000001bdaf3f6800 JavaThread "jar transforms" [_thread_blocked, id=3092, stack(0x000000af0c900000,0x000000af0ca00000)]
  0x000001bdaf3f6000 JavaThread "jar transforms Thread 2" [_thread_blocked, id=15596, stack(0x000000af0ca00000,0x000000af0cb00000)]
  0x000001bdaf3fd000 JavaThread "jar transforms Thread 3" [_thread_blocked, id=6184, stack(0x000000af0cb00000,0x000000af0cc00000)]
  0x000001bdaf3fc800 JavaThread "jar transforms Thread 4" [_thread_blocked, id=14628, stack(0x000000af0cc00000,0x000000af0cd00000)]
  0x000001bdaf3fb800 JavaThread "Cache worker for checksums cache (C:\Users\Hi\AndroidStudioProjects\EntryPass_EntroLabs\.gradle\checksums)" [_thread_blocked, id=14948, stack(0x000000af0cd00000,0x000000af0ce00000)]
  0x000001bdaf3fe000 JavaThread "Cache worker for cache directory md-supplier (C:\Users\Hi\.gradle\caches\7.2\md-supplier)" [_thread_blocked, id=9444, stack(0x000000af0ce00000,0x000000af0cf00000)]
  0x000001bdaf3f8800 JavaThread "Cache worker for cache directory md-rule (C:\Users\Hi\.gradle\caches\7.2\md-rule)" [_thread_blocked, id=10464, stack(0x000000af0cf00000,0x000000af0d000000)]
  0x000001bdaf3ff000 JavaThread "Cache worker for execution history cache (C:\Users\Hi\.gradle\caches\7.2\executionHistory)" [_thread_blocked, id=10984, stack(0x000000af0d000000,0x000000af0d100000)]
  0x000001bdaf402000 JavaThread "Cache worker for file content cache (C:\Users\Hi\.gradle\caches\7.2\fileContent)" [_thread_blocked, id=16304, stack(0x000000af0d100000,0x000000af0d200000)]
  0x000001bdaf401800 JavaThread "Cache worker for dependencies-accessors (C:\Users\Hi\AndroidStudioProjects\EntryPass_EntroLabs\.gradle\7.2\dependencies-accessors)" [_thread_blocked, id=16268, stack(0x000000af0d200000,0x000000af0d300000)]
  0x000001bdb3617000 JavaThread "Cache worker for Build Output Cleanup Cache (C:\Users\Hi\AndroidStudioProjects\EntryPass_EntroLabs\.gradle\buildOutputCleanup)" [_thread_blocked, id=8840, stack(0x000000af0c100000,0x000000af0c200000)]
=>0x000001bdae640000 JavaThread "C2 CompilerThread1" daemon [_thread_in_native, id=4688, stack(0x000000af0d300000,0x000000af0d400000)]
  0x000001bdb3618800 JavaThread "Unconstrained build operations" [_thread_blocked, id=8208, stack(0x000000af0d400000,0x000000af0d500000)]
  0x000001bdb361a800 JavaThread "Unconstrained build operations Thread 2" [_thread_blocked, id=10948, stack(0x000000af0d500000,0x000000af0d600000)]
  0x000001bdb3619800 JavaThread "Unconstrained build operations Thread 3" [_thread_blocked, id=4120, stack(0x000000af0d600000,0x000000af0d700000)]
  0x000001bdb361c000 JavaThread "Unconstrained build operations Thread 4" [_thread_blocked, id=3616, stack(0x000000af0d700000,0x000000af0d800000)]
  0x000001bdb361b000 JavaThread "Unconstrained build operations Thread 5" [_thread_blocked, id=8768, stack(0x000000af0d800000,0x000000af0d900000)]
  0x000001bdb3616800 JavaThread "Unconstrained build operations Thread 6" [_thread_blocked, id=5484, stack(0x000000af0d900000,0x000000af0da00000)]
  0x000001bdb361d000 JavaThread "Unconstrained build operations Thread 7" [_thread_blocked, id=1448, stack(0x000000af0da00000,0x000000af0db00000)]
  0x000001bdb361d800 JavaThread "Unconstrained build operations Thread 8" [_thread_blocked, id=1944, stack(0x000000af0db00000,0x000000af0dc00000)]
  0x000001bdb3618000 JavaThread "Unconstrained build operations Thread 9" [_thread_blocked, id=10072, stack(0x000000af0dc00000,0x000000af0dd00000)]
  0x000001bdb3624000 JavaThread "Unconstrained build operations Thread 10" [_thread_blocked, id=2816, stack(0x000000af0dd00000,0x000000af0de00000)]
  0x000001bdb361e800 JavaThread "Unconstrained build operations Thread 11" [_thread_blocked, id=9404, stack(0x000000af0de00000,0x000000af0df00000)]
  0x000001bdb3623800 JavaThread "Unconstrained build operations Thread 12" [_thread_blocked, id=432, stack(0x000000af0df00000,0x000000af0e000000)]
  0x000001bdb3621800 JavaThread "Unconstrained build operations Thread 13" [_thread_blocked, id=3176, stack(0x000000af0e000000,0x000000af0e100000)]
  0x000001bdb3625000 JavaThread "Unconstrained build operations Thread 14" [_thread_blocked, id=6640, stack(0x000000af0e100000,0x000000af0e200000)]
  0x000001bdb3620000 JavaThread "Unconstrained build operations Thread 15" [_thread_blocked, id=5236, stack(0x000000af0e200000,0x000000af0e300000)]
  0x000001bdb361f800 JavaThread "Unconstrained build operations Thread 16" [_thread_blocked, id=7988, stack(0x000000af0e300000,0x000000af0e400000)]
  0x000001bdb3622800 JavaThread "Unconstrained build operations Thread 17" [_thread_blocked, id=15692, stack(0x000000af0e400000,0x000000af0e500000)]
  0x000001bdb3621000 JavaThread "Unconstrained build operations Thread 18" [_thread_blocked, id=9120, stack(0x000000af0e500000,0x000000af0e600000)]
  0x000001bdb4e2b000 JavaThread "Unconstrained build operations Thread 19" [_thread_blocked, id=6136, stack(0x000000af0e600000,0x000000af0e700000)]
  0x000001bdb4e27800 JavaThread "Unconstrained build operations Thread 20" [_thread_blocked, id=15412, stack(0x000000af0e700000,0x000000af0e800000)]
  0x000001bdb4e25800 JavaThread "Unconstrained build operations Thread 21" [_thread_blocked, id=8732, stack(0x000000af0e800000,0x000000af0e900000)]
  0x000001bdb4e28800 JavaThread "Unconstrained build operations Thread 22" [_thread_blocked, id=788, stack(0x000000af0e900000,0x000000af0ea00000)]
  0x000001bdb4e29800 JavaThread "Unconstrained build operations Thread 23" [_thread_blocked, id=15712, stack(0x000000af0ea00000,0x000000af0eb00000)]
  0x000001bdb4e2a000 JavaThread "Unconstrained build operations Thread 24" [_thread_blocked, id=6236, stack(0x000000af0eb00000,0x000000af0ec00000)]
  0x000001bdb4e2c000 JavaThread "Unconstrained build operations Thread 25" [_thread_blocked, id=2612, stack(0x000000af0ec00000,0x000000af0ed00000)]
  0x000001bdb4e26000 JavaThread "Unconstrained build operations Thread 26" [_thread_blocked, id=9908, stack(0x000000af0ed00000,0x000000af0ee00000)]
  0x000001bdb4e2c800 JavaThread "Unconstrained build operations Thread 27" [_thread_blocked, id=9848, stack(0x000000af0ee00000,0x000000af0ef00000)]
  0x000001bdb4e27000 JavaThread "Unconstrained build operations Thread 28" [_thread_blocked, id=9916, stack(0x000000af0ef00000,0x000000af0f000000)]
  0x000001bdb4e33000 JavaThread "Unconstrained build operations Thread 29" [_thread_blocked, id=7928, stack(0x000000af0f000000,0x000000af0f100000)]
  0x000001bdb4e31800 JavaThread "Unconstrained build operations Thread 30" [_thread_blocked, id=6220, stack(0x000000af0f100000,0x000000af0f200000)]
  0x000001bdb4e32800 JavaThread "Unconstrained build operations Thread 31" [_thread_blocked, id=12832, stack(0x000000af0f200000,0x000000af0f300000)]
  0x000001bdb4e30800 JavaThread "Unconstrained build operations Thread 32" [_thread_blocked, id=10300, stack(0x000000af0f300000,0x000000af0f400000)]
  0x000001bdb4e2d800 JavaThread "Unconstrained build operations Thread 33" [_thread_blocked, id=15240, stack(0x000000af0f400000,0x000000af0f500000)]
  0x000001bdb4e34000 JavaThread "Unconstrained build operations Thread 34" [_thread_blocked, id=15604, stack(0x000000af0f500000,0x000000af0f600000)]
  0x000001bdb4e2e800 JavaThread "Unconstrained build operations Thread 35" [_thread_blocked, id=16212, stack(0x000000af0f600000,0x000000af0f700000)]
  0x000001bdb4e2f000 JavaThread "Unconstrained build operations Thread 36" [_thread_blocked, id=15344, stack(0x000000af0f700000,0x000000af0f800000)]
  0x000001bdb4e30000 JavaThread "Unconstrained build operations Thread 37" [_thread_blocked, id=13456, stack(0x000000af0f800000,0x000000af0f900000)]
  0x000001bdb0c9d800 JavaThread "Unconstrained build operations Thread 38" [_thread_blocked, id=4088, stack(0x000000af0f900000,0x000000af0fa00000)]
  0x000001bdb0c9e000 JavaThread "Unconstrained build operations Thread 39" [_thread_blocked, id=14532, stack(0x000000af0fa00000,0x000000af0fb00000)]
  0x000001bdb0c9c800 JavaThread "Unconstrained build operations Thread 40" [_thread_blocked, id=3328, stack(0x000000af0fb00000,0x000000af0fc00000)]
  0x000001bdb0ca0800 JavaThread "Memory manager" [_thread_blocked, id=4344, stack(0x000000af0fc00000,0x000000af0fd00000)]

Other Threads:
  0x000001bdacb8a000 VMThread "VM Thread" [stack: 0x000000af0aa00000,0x000000af0ab00000] [id=8128]
  0x000001bdad686000 WatcherThread [stack: 0x000000af0b400000,0x000000af0b500000] [id=15516]
  0x000001bd92fc3800 GCTaskThread "GC Thread#0" [stack: 0x000000af0a500000,0x000000af0a600000] [id=11756]
  0x000001bdadecf000 GCTaskThread "GC Thread#1" [stack: 0x000000af0b600000,0x000000af0b700000] [id=11252]
  0x000001bdad81c800 GCTaskThread "GC Thread#2" [stack: 0x000000af0b700000,0x000000af0b800000] [id=15940]
  0x000001bdaef16800 GCTaskThread "GC Thread#3" [stack: 0x000000af0c200000,0x000000af0c300000] [id=488]
  0x000001bd92ff4000 ConcurrentGCThread "G1 Main Marker" [stack: 0x000000af0a600000,0x000000af0a700000] [id=4900]
  0x000001bd92ff6800 ConcurrentGCThread "G1 Conc#0" [stack: 0x000000af0a700000,0x000000af0a800000] [id=8460]
  0x000001bd93087000 ConcurrentGCThread "G1 Refine#0" [stack: 0x000000af0a800000,0x000000af0a900000] [id=10348]
  0x000001bd93088000 ConcurrentGCThread "G1 Young RemSet Sampling" [stack: 0x000000af0a900000,0x000000af0aa00000] [id=6044]

Threads with active compile tasks:
C2 CompilerThread0  19822 8573 %     4       sun.security.util.AbstractAlgorithmConstraints::checkAlgorithm @ 98 (140 bytes)
C2 CompilerThread1  19822 8517  s!   4       jdk.internal.loader.URLClassPath::getLoader (194 bytes)

VM state:not at safepoint (normal execution)

VM Mutex/Monitor currently owned by a thread: None

Heap address: 0x0000000080000000, size: 2048 MB, Compressed Oops mode: 32-bit
Narrow klass base: 0x0000000000000000, Narrow klass shift: 3
Compressed class space size: 1073741824 Address: 0x0000000100000000

Heap:
 garbage-first heap   total 227328K, used 125126K [0x0000000080000000, 0x0000000100000000)
  region size 1024K, 27 young (27648K), 9 survivors (9216K)
 Metaspace       used 92311K, capacity 94552K, committed 94744K, reserved 1130496K
  class space    used 11939K, capacity 12719K, committed 12824K, reserved 1048576K
Heap Regions: E=young(eden), S=young(survivor), O=old, HS=humongous(starts), HC=humongous(continues), CS=collection set, F=free, A=archive, TAMS=top-at-mark-start (previous, next)
|   0|0x0000000080000000, 0x0000000080100000, 0x0000000080100000|100%| O|  |TAMS 0x0000000080100000, 0x0000000080000000| Untracked 
|   1|0x0000000080100000, 0x0000000080200000, 0x0000000080200000|100%| O|  |TAMS 0x0000000080200000, 0x0000000080100000| Untracked 
|   2|0x0000000080200000, 0x0000000080300000, 0x0000000080300000|100%| O|  |TAMS 0x0000000080300000, 0x0000000080200000| Untracked 
|   3|0x0000000080300000, 0x0000000080400000, 0x0000000080400000|100%|HS|  |TAMS 0x0000000080400000, 0x0000000080300000| Complete 
|   4|0x0000000080400000, 0x0000000080500000, 0x0000000080500000|100%|HC|  |TAMS 0x0000000080500000, 0x0000000080400000| Complete 
|   5|0x0000000080500000, 0x0000000080600000, 0x0000000080600000|100%|HC|  |TAMS 0x0000000080600000, 0x0000000080500000| Complete 
|   6|0x0000000080600000, 0x0000000080700000, 0x0000000080700000|100%| O|  |TAMS 0x0000000080700000, 0x0000000080600000| Untracked 
|   7|0x0000000080700000, 0x0000000080800000, 0x0000000080800000|100%| O|  |TAMS 0x0000000080800000, 0x0000000080700000| Untracked 
|   8|0x0000000080800000, 0x0000000080900000, 0x0000000080900000|100%| O|  |TAMS 0x0000000080900000, 0x0000000080800000| Untracked 
|   9|0x0000000080900000, 0x0000000080a00000, 0x0000000080a00000|100%| O|  |TAMS 0x0000000080a00000, 0x0000000080900000| Untracked 
|  10|0x0000000080a00000, 0x0000000080b00000, 0x0000000080b00000|100%| O|  |TAMS 0x0000000080b00000, 0x0000000080a00000| Untracked 
|  11|0x0000000080b00000, 0x0000000080c00000, 0x0000000080c00000|100%| O|  |TAMS 0x0000000080c00000, 0x0000000080b00000| Untracked 
|  12|0x0000000080c00000, 0x0000000080d00000, 0x0000000080d00000|100%| O|  |TAMS 0x0000000080d00000, 0x0000000080c00000| Untracked 
|  13|0x0000000080d00000, 0x0000000080e00000, 0x0000000080e00000|100%| O|  |TAMS 0x0000000080e00000, 0x0000000080d00000| Untracked 
|  14|0x0000000080e00000, 0x0000000080f00000, 0x0000000080f00000|100%| O|  |TAMS 0x0000000080f00000, 0x0000000080e00000| Untracked 
|  15|0x0000000080f00000, 0x0000000081000000, 0x0000000081000000|100%| O|  |TAMS 0x0000000081000000, 0x0000000080f00000| Untracked 
|  16|0x0000000081000000, 0x0000000081100000, 0x0000000081100000|100%| O|  |TAMS 0x0000000081100000, 0x0000000081000000| Untracked 
|  17|0x0000000081100000, 0x0000000081200000, 0x0000000081200000|100%|HS|  |TAMS 0x0000000081200000, 0x0000000081100000| Complete 
|  18|0x0000000081200000, 0x0000000081300000, 0x0000000081300000|100%|HC|  |TAMS 0x0000000081300000, 0x0000000081200000| Complete 
|  19|0x0000000081300000, 0x0000000081400000, 0x0000000081400000|100%|HS|  |TAMS 0x0000000081400000, 0x0000000081300000| Complete 
|  20|0x0000000081400000, 0x0000000081500000, 0x0000000081500000|100%|HC|  |TAMS 0x0000000081500000, 0x0000000081400000| Complete 
|  21|0x0000000081500000, 0x0000000081600000, 0x0000000081600000|100%|HC|  |TAMS 0x0000000081600000, 0x0000000081500000| Complete 
|  22|0x0000000081600000, 0x0000000081700000, 0x0000000081700000|100%|HS|  |TAMS 0x0000000081700000, 0x0000000081600000| Complete 
|  23|0x0000000081700000, 0x0000000081800000, 0x0000000081800000|100%|HC|  |TAMS 0x0000000081800000, 0x0000000081700000| Complete 
|  24|0x0000000081800000, 0x0000000081900000, 0x0000000081900000|100%|HC|  |TAMS 0x0000000081900000, 0x0000000081800000| Complete 
|  25|0x0000000081900000, 0x0000000081a00000, 0x0000000081a00000|100%|HC|  |TAMS 0x0000000081a00000, 0x0000000081900000| Complete 
|  26|0x0000000081a00000, 0x0000000081b00000, 0x0000000081b00000|100%| O|  |TAMS 0x0000000081b00000, 0x0000000081a00000| Untracked 
|  27|0x0000000081b00000, 0x0000000081c00000, 0x0000000081c00000|100%| O|  |TAMS 0x0000000081c00000, 0x0000000081b00000| Untracked 
|  28|0x0000000081c00000, 0x0000000081d00000, 0x0000000081d00000|100%| O|  |TAMS 0x0000000081d00000, 0x0000000081c00000| Untracked 
|  29|0x0000000081d00000, 0x0000000081e00000, 0x0000000081e00000|100%| O|  |TAMS 0x0000000081e00000, 0x0000000081d00000| Untracked 
|  30|0x0000000081e00000, 0x0000000081f00000, 0x0000000081f00000|100%| O|  |TAMS 0x0000000081f00000, 0x0000000081e00000| Untracked 
|  31|0x0000000081f00000, 0x0000000082000000, 0x0000000082000000|100%| O|  |TAMS 0x0000000082000000, 0x0000000081f00000| Untracked 
|  32|0x0000000082000000, 0x0000000082100000, 0x0000000082100000|100%| O|  |TAMS 0x0000000082100000, 0x0000000082000000| Untracked 
|  33|0x0000000082100000, 0x0000000082200000, 0x0000000082200000|100%| O|  |TAMS 0x0000000082200000, 0x0000000082100000| Untracked 
|  34|0x0000000082200000, 0x0000000082300000, 0x0000000082300000|100%|HS|  |TAMS 0x0000000082300000, 0x0000000082200000| Complete 
|  35|0x0000000082300000, 0x0000000082400000, 0x0000000082400000|100%|HC|  |TAMS 0x0000000082400000, 0x0000000082300000| Complete 
|  36|0x0000000082400000, 0x0000000082500000, 0x0000000082500000|100%|HC|  |TAMS 0x0000000082500000, 0x0000000082400000| Complete 
|  37|0x0000000082500000, 0x0000000082600000, 0x0000000082600000|100%|HS|  |TAMS 0x0000000082600000, 0x0000000082500000| Complete 
|  38|0x0000000082600000, 0x0000000082700000, 0x0000000082700000|100%| O|  |TAMS 0x0000000082700000, 0x0000000082600000| Untracked 
|  39|0x0000000082700000, 0x0000000082800000, 0x0000000082800000|100%| O|  |TAMS 0x0000000082800000, 0x0000000082700000| Untracked 
|  40|0x0000000082800000, 0x0000000082900000, 0x0000000082900000|100%| O|  |TAMS 0x0000000082900000, 0x0000000082800000| Untracked 
|  41|0x0000000082900000, 0x0000000082a00000, 0x0000000082a00000|100%| O|  |TAMS 0x0000000082a00000, 0x0000000082900000| Untracked 
|  42|0x0000000082a00000, 0x0000000082b00000, 0x0000000082b00000|100%| O|  |TAMS 0x0000000082b00000, 0x0000000082a00000| Untracked 
|  43|0x0000000082b00000, 0x0000000082c00000, 0x0000000082c00000|100%| O|  |TAMS 0x0000000082c00000, 0x0000000082b00000| Untracked 
|  44|0x0000000082c00000, 0x0000000082d00000, 0x0000000082d00000|100%|HS|  |TAMS 0x0000000082d00000, 0x0000000082c00000| Complete 
|  45|0x0000000082d00000, 0x0000000082e00000, 0x0000000082e00000|100%|HC|  |TAMS 0x0000000082e00000, 0x0000000082d00000| Complete 
|  46|0x0000000082e00000, 0x0000000082f00000, 0x0000000082f00000|100%|HC|  |TAMS 0x0000000082f00000, 0x0000000082e00000| Complete 
|  47|0x0000000082f00000, 0x0000000083000000, 0x0000000083000000|100%|HC|  |TAMS 0x0000000083000000, 0x0000000082f00000| Complete 
|  48|0x0000000083000000, 0x0000000083100000, 0x0000000083100000|100%|HS|  |TAMS 0x0000000083100000, 0x0000000083000000| Complete 
|  49|0x0000000083100000, 0x0000000083200000, 0x0000000083200000|100%|HS|  |TAMS 0x0000000083200000, 0x0000000083100000| Complete 
|  50|0x0000000083200000, 0x0000000083300000, 0x0000000083300000|100%|HS|  |TAMS 0x0000000083300000, 0x0000000083200000| Complete 
|  51|0x0000000083300000, 0x0000000083400000, 0x0000000083400000|100%|HC|  |TAMS 0x0000000083400000, 0x0000000083300000| Complete 
|  52|0x0000000083400000, 0x0000000083500000, 0x0000000083500000|100%| O|  |TAMS 0x0000000083500000, 0x0000000083400000| Untracked 
|  53|0x0000000083500000, 0x0000000083600000, 0x0000000083600000|100%| O|  |TAMS 0x0000000083600000, 0x0000000083500000| Untracked 
|  54|0x0000000083600000, 0x0000000083700000, 0x0000000083700000|100%| O|  |TAMS 0x0000000083700000, 0x0000000083600000| Untracked 
|  55|0x0000000083700000, 0x0000000083800000, 0x0000000083800000|100%| O|  |TAMS 0x0000000083800000, 0x0000000083700000| Untracked 
|  56|0x0000000083800000, 0x0000000083900000, 0x0000000083900000|100%| O|  |TAMS 0x0000000083900000, 0x0000000083800000| Untracked 
|  57|0x0000000083900000, 0x0000000083a00000, 0x0000000083a00000|100%| O|  |TAMS 0x0000000083a00000, 0x0000000083900000| Untracked 
|  58|0x0000000083a00000, 0x0000000083b00000, 0x0000000083b00000|100%| O|  |TAMS 0x0000000083b00000, 0x0000000083a00000| Untracked 
|  59|0x0000000083b00000, 0x0000000083c00000, 0x0000000083c00000|100%| O|  |TAMS 0x0000000083c00000, 0x0000000083b00000| Untracked 
|  60|0x0000000083c00000, 0x0000000083d00000, 0x0000000083d00000|100%| O|  |TAMS 0x0000000083d00000, 0x0000000083c00000| Untracked 
|  61|0x0000000083d00000, 0x0000000083e00000, 0x0000000083e00000|100%| O|  |TAMS 0x0000000083e00000, 0x0000000083d00000| Untracked 
|  62|0x0000000083e00000, 0x0000000083f00000, 0x0000000083f00000|100%| O|  |TAMS 0x0000000083f00000, 0x0000000083e00000| Untracked 
|  63|0x0000000083f00000, 0x0000000084000000, 0x0000000084000000|100%| O|  |TAMS 0x0000000084000000, 0x0000000083f00000| Untracked 
|  64|0x0000000084000000, 0x0000000084100000, 0x0000000084100000|100%| O|  |TAMS 0x0000000084100000, 0x0000000084000000| Untracked 
|  65|0x0000000084100000, 0x0000000084200000, 0x0000000084200000|100%| O|  |TAMS 0x0000000084200000, 0x0000000084100000| Untracked 
|  66|0x0000000084200000, 0x0000000084300000, 0x0000000084300000|100%| O|  |TAMS 0x0000000084300000, 0x0000000084200000| Untracked 
|  67|0x0000000084300000, 0x0000000084400000, 0x0000000084400000|100%| O|  |TAMS 0x0000000084400000, 0x0000000084300000| Untracked 
|  68|0x0000000084400000, 0x0000000084500000, 0x0000000084500000|100%| O|  |TAMS 0x0000000084500000, 0x0000000084400000| Untracked 
|  69|0x0000000084500000, 0x0000000084600000, 0x0000000084600000|100%| O|  |TAMS 0x0000000084600000, 0x0000000084500000| Untracked 
|  70|0x0000000084600000, 0x0000000084700000, 0x0000000084700000|100%| O|  |TAMS 0x0000000084700000, 0x0000000084600000| Untracked 
|  71|0x0000000084700000, 0x0000000084800000, 0x0000000084800000|100%| O|  |TAMS 0x0000000084800000, 0x0000000084700000| Untracked 
|  72|0x0000000084800000, 0x0000000084900000, 0x0000000084900000|100%| O|  |TAMS 0x0000000084900000, 0x0000000084800000| Untracked 
|  73|0x0000000084900000, 0x0000000084a00000, 0x0000000084a00000|100%| O|  |TAMS 0x0000000084a00000, 0x0000000084900000| Untracked 
|  74|0x0000000084a00000, 0x0000000084b00000, 0x0000000084b00000|100%|HS|  |TAMS 0x0000000084b00000, 0x0000000084a00000| Complete 
|  75|0x0000000084b00000, 0x0000000084c00000, 0x0000000084c00000|100%|HC|  |TAMS 0x0000000084c00000, 0x0000000084b00000| Complete 
|  76|0x0000000084c00000, 0x0000000084d00000, 0x0000000084d00000|100%|HS|  |TAMS 0x0000000084d00000, 0x0000000084c00000| Complete 
|  77|0x0000000084d00000, 0x0000000084e00000, 0x0000000084e00000|100%|HC|  |TAMS 0x0000000084e00000, 0x0000000084d00000| Complete 
|  78|0x0000000084e00000, 0x0000000084f00000, 0x0000000084f00000|100%|HC|  |TAMS 0x0000000084f00000, 0x0000000084e00000| Complete 
|  79|0x0000000084f00000, 0x0000000085000000, 0x0000000085000000|100%|HS|  |TAMS 0x0000000085000000, 0x0000000084f00000| Complete 
|  80|0x0000000085000000, 0x0000000085100000, 0x0000000085100000|100%|HC|  |TAMS 0x0000000085100000, 0x0000000085000000| Complete 
|  81|0x0000000085100000, 0x0000000085200000, 0x0000000085200000|100%|HC|  |TAMS 0x0000000085200000, 0x0000000085100000| Complete 
|  82|0x0000000085200000, 0x0000000085300000, 0x0000000085300000|100%|HC|  |TAMS 0x0000000085300000, 0x0000000085200000| Complete 
|  83|0x0000000085300000, 0x0000000085400000, 0x0000000085400000|100%| O|  |TAMS 0x0000000085400000, 0x0000000085300000| Untracked 
|  84|0x0000000085400000, 0x0000000085500000, 0x0000000085500000|100%| O|  |TAMS 0x0000000085500000, 0x0000000085400000| Untracked 
|  85|0x0000000085500000, 0x0000000085600000, 0x0000000085600000|100%| O|  |TAMS 0x0000000085600000, 0x0000000085500000| Untracked 
|  86|0x0000000085600000, 0x0000000085700000, 0x0000000085700000|100%| O|  |TAMS 0x00000000856d8400, 0x0000000085600000| Untracked 
|  87|0x0000000085700000, 0x0000000085700000, 0x0000000085800000|  0%| F|  |TAMS 0x0000000085700000, 0x0000000085700000| Untracked 
|  88|0x0000000085800000, 0x0000000085900000, 0x0000000085900000|100%| O|  |TAMS 0x0000000085800000, 0x0000000085800000| Untracked 
|  89|0x0000000085900000, 0x0000000085a00000, 0x0000000085a00000|100%| O|  |TAMS 0x0000000085900000, 0x0000000085900000| Untracked 
|  90|0x0000000085a00000, 0x0000000085b00000, 0x0000000085b00000|100%| O|  |TAMS 0x0000000085a00000, 0x0000000085a00000| Untracked 
|  91|0x0000000085b00000, 0x0000000085c00000, 0x0000000085c00000|100%| O|  |TAMS 0x0000000085b00000, 0x0000000085b00000| Untracked 
|  92|0x0000000085c00000, 0x0000000085d00000, 0x0000000085d00000|100%| O|  |TAMS 0x0000000085c00000, 0x0000000085c00000| Untracked 
|  93|0x0000000085d00000, 0x0000000085e00000, 0x0000000085e00000|100%| O|  |TAMS 0x0000000085d00000, 0x0000000085d00000| Untracked 
|  94|0x0000000085e00000, 0x0000000085f00000, 0x0000000085f00000|100%| O|  |TAMS 0x0000000085e00000, 0x0000000085e00000| Untracked 
|  95|0x0000000085f00000, 0x0000000086000000, 0x0000000086000000|100%| O|  |TAMS 0x0000000085f00000, 0x0000000085f00000| Untracked 
|  96|0x0000000086000000, 0x0000000086100000, 0x0000000086100000|100%| O|  |TAMS 0x0000000086000000, 0x0000000086000000| Untracked 
|  97|0x0000000086100000, 0x000000008619c000, 0x0000000086200000| 60%| O|  |TAMS 0x0000000086100000, 0x0000000086100000| Untracked 
|  98|0x0000000086200000, 0x0000000086200000, 0x0000000086300000|  0%| F|  |TAMS 0x0000000086200000, 0x0000000086200000| Untracked 
|  99|0x0000000086300000, 0x0000000086300000, 0x0000000086400000|  0%| F|  |TAMS 0x0000000086300000, 0x0000000086300000| Untracked 
| 100|0x0000000086400000, 0x0000000086400000, 0x0000000086500000|  0%| F|  |TAMS 0x0000000086400000, 0x0000000086400000| Untracked 
| 101|0x0000000086500000, 0x0000000086500000, 0x0000000086600000|  0%| F|  |TAMS 0x0000000086500000, 0x0000000086500000| Untracked 
| 102|0x0000000086600000, 0x0000000086600000, 0x0000000086700000|  0%| F|  |TAMS 0x0000000086600000, 0x0000000086600000| Untracked 
| 103|0x0000000086700000, 0x0000000086700000, 0x0000000086800000|  0%| F|  |TAMS 0x0000000086700000, 0x0000000086700000| Untracked 
| 104|0x0000000086800000, 0x0000000086800000, 0x0000000086900000|  0%| F|  |TAMS 0x0000000086800000, 0x0000000086800000| Untracked 
| 105|0x0000000086900000, 0x0000000086900000, 0x0000000086a00000|  0%| F|  |TAMS 0x0000000086900000, 0x0000000086900000| Untracked 
| 106|0x0000000086a00000, 0x0000000086a00000, 0x0000000086b00000|  0%| F|  |TAMS 0x0000000086a00000, 0x0000000086a00000| Untracked 
| 107|0x0000000086b00000, 0x0000000086b00000, 0x0000000086c00000|  0%| F|  |TAMS 0x0000000086b00000, 0x0000000086b00000| Untracked 
| 108|0x0000000086c00000, 0x0000000086c00000, 0x0000000086d00000|  0%| F|  |TAMS 0x0000000086c00000, 0x0000000086c00000| Untracked 
| 109|0x0000000086d00000, 0x0000000086d00000, 0x0000000086e00000|  0%| F|  |TAMS 0x0000000086d00000, 0x0000000086d00000| Untracked 
| 110|0x0000000086e00000, 0x0000000086e00000, 0x0000000086f00000|  0%| F|  |TAMS 0x0000000086e00000, 0x0000000086e00000| Untracked 
| 111|0x0000000086f00000, 0x0000000086f00000, 0x0000000087000000|  0%| F|  |TAMS 0x0000000086f00000, 0x0000000086f00000| Untracked 
| 112|0x0000000087000000, 0x0000000087000000, 0x0000000087100000|  0%| F|  |TAMS 0x0000000087000000, 0x0000000087000000| Untracked 
| 113|0x0000000087100000, 0x0000000087100000, 0x0000000087200000|  0%| F|  |TAMS 0x0000000087100000, 0x0000000087100000| Untracked 
| 114|0x0000000087200000, 0x0000000087200000, 0x0000000087300000|  0%| F|  |TAMS 0x0000000087200000, 0x0000000087200000| Untracked 
| 115|0x0000000087300000, 0x0000000087300000, 0x0000000087400000|  0%| F|  |TAMS 0x0000000087300000, 0x0000000087300000| Untracked 
| 116|0x0000000087400000, 0x0000000087400000, 0x0000000087500000|  0%| F|  |TAMS 0x0000000087400000, 0x0000000087400000| Untracked 
| 117|0x0000000087500000, 0x0000000087500000, 0x0000000087600000|  0%| F|  |TAMS 0x0000000087500000, 0x0000000087500000| Untracked 
| 118|0x0000000087600000, 0x0000000087600000, 0x0000000087700000|  0%| F|  |TAMS 0x0000000087600000, 0x0000000087600000| Untracked 
| 119|0x0000000087700000, 0x0000000087700000, 0x0000000087800000|  0%| F|  |TAMS 0x0000000087700000, 0x0000000087700000| Untracked 
| 120|0x0000000087800000, 0x0000000087800000, 0x0000000087900000|  0%| F|  |TAMS 0x0000000087800000, 0x0000000087800000| Untracked 
| 121|0x0000000087900000, 0x0000000087900000, 0x0000000087a00000|  0%| F|  |TAMS 0x0000000087900000, 0x0000000087900000| Untracked 
| 122|0x0000000087a00000, 0x0000000087a00000, 0x0000000087b00000|  0%| F|  |TAMS 0x0000000087a00000, 0x0000000087a00000| Untracked 
| 123|0x0000000087b00000, 0x0000000087b00000, 0x0000000087c00000|  0%| F|  |TAMS 0x0000000087b00000, 0x0000000087b00000| Untracked 
| 124|0x0000000087c00000, 0x0000000087c00000, 0x0000000087d00000|  0%| F|  |TAMS 0x0000000087c00000, 0x0000000087c00000| Untracked 
| 125|0x0000000087d00000, 0x0000000087d00000, 0x0000000087e00000|  0%| F|  |TAMS 0x0000000087d00000, 0x0000000087d00000| Untracked 
| 126|0x0000000087e00000, 0x0000000087e00000, 0x0000000087f00000|  0%| F|  |TAMS 0x0000000087e00000, 0x0000000087e00000| Untracked 
| 127|0x0000000087f00000, 0x0000000087f00000, 0x0000000088000000|  0%| F|  |TAMS 0x0000000087f00000, 0x0000000087f00000| Untracked 
| 128|0x0000000088000000, 0x0000000088000000, 0x0000000088100000|  0%| F|  |TAMS 0x0000000088000000, 0x0000000088000000| Untracked 
| 129|0x0000000088100000, 0x0000000088100000, 0x0000000088200000|  0%| F|  |TAMS 0x0000000088100000, 0x0000000088100000| Untracked 
| 130|0x0000000088200000, 0x0000000088200000, 0x0000000088300000|  0%| F|  |TAMS 0x0000000088200000, 0x0000000088200000| Untracked 
| 131|0x0000000088300000, 0x0000000088300000, 0x0000000088400000|  0%| F|  |TAMS 0x0000000088300000, 0x0000000088300000| Untracked 
| 132|0x0000000088400000, 0x0000000088400000, 0x0000000088500000|  0%| F|  |TAMS 0x0000000088400000, 0x0000000088400000| Untracked 
| 133|0x0000000088500000, 0x0000000088500000, 0x0000000088600000|  0%| F|  |TAMS 0x0000000088500000, 0x0000000088500000| Untracked 
| 134|0x0000000088600000, 0x0000000088600000, 0x0000000088700000|  0%| F|  |TAMS 0x0000000088600000, 0x0000000088600000| Untracked 
| 135|0x0000000088700000, 0x0000000088700000, 0x0000000088800000|  0%| F|  |TAMS 0x0000000088700000, 0x0000000088700000| Untracked 
| 136|0x0000000088800000, 0x0000000088800000, 0x0000000088900000|  0%| F|  |TAMS 0x0000000088800000, 0x0000000088800000| Untracked 
| 137|0x0000000088900000, 0x0000000088900000, 0x0000000088a00000|  0%| F|  |TAMS 0x0000000088900000, 0x0000000088900000| Untracked 
| 138|0x0000000088a00000, 0x0000000088a00000, 0x0000000088b00000|  0%| F|  |TAMS 0x0000000088a00000, 0x0000000088a00000| Untracked 
| 139|0x0000000088b00000, 0x0000000088b95898, 0x0000000088c00000| 58%| S|CS|TAMS 0x0000000088b00000, 0x0000000088b00000| Complete 
| 140|0x0000000088c00000, 0x0000000088d00000, 0x0000000088d00000|100%| S|CS|TAMS 0x0000000088c00000, 0x0000000088c00000| Complete 
| 141|0x0000000088d00000, 0x0000000088e00000, 0x0000000088e00000|100%| S|CS|TAMS 0x0000000088d00000, 0x0000000088d00000| Complete 
| 142|0x0000000088e00000, 0x0000000088f00000, 0x0000000088f00000|100%| S|CS|TAMS 0x0000000088e00000, 0x0000000088e00000| Complete 
| 143|0x0000000088f00000, 0x0000000089000000, 0x0000000089000000|100%| S|CS|TAMS 0x0000000088f00000, 0x0000000088f00000| Complete 
| 144|0x0000000089000000, 0x0000000089100000, 0x0000000089100000|100%| S|CS|TAMS 0x0000000089000000, 0x0000000089000000| Complete 
| 145|0x0000000089100000, 0x0000000089200000, 0x0000000089200000|100%| S|CS|TAMS 0x0000000089100000, 0x0000000089100000| Complete 
| 146|0x0000000089200000, 0x0000000089300000, 0x0000000089300000|100%| S|CS|TAMS 0x0000000089200000, 0x0000000089200000| Complete 
| 147|0x0000000089300000, 0x0000000089400000, 0x0000000089400000|100%| S|CS|TAMS 0x0000000089300000, 0x0000000089300000| Complete 
| 148|0x0000000089400000, 0x0000000089400000, 0x0000000089500000|  0%| F|  |TAMS 0x0000000089400000, 0x0000000089400000| Untracked 
| 149|0x0000000089500000, 0x0000000089500000, 0x0000000089600000|  0%| F|  |TAMS 0x0000000089500000, 0x0000000089500000| Untracked 
| 150|0x0000000089600000, 0x0000000089600000, 0x0000000089700000|  0%| F|  |TAMS 0x0000000089600000, 0x0000000089600000| Untracked 
| 151|0x0000000089700000, 0x0000000089700000, 0x0000000089800000|  0%| F|  |TAMS 0x0000000089700000, 0x0000000089700000| Untracked 
| 152|0x0000000089800000, 0x0000000089800000, 0x0000000089900000|  0%| F|  |TAMS 0x0000000089800000, 0x0000000089800000| Untracked 
| 153|0x0000000089900000, 0x0000000089900000, 0x0000000089a00000|  0%| F|  |TAMS 0x0000000089900000, 0x0000000089900000| Untracked 
| 154|0x0000000089a00000, 0x0000000089a00000, 0x0000000089b00000|  0%| F|  |TAMS 0x0000000089a00000, 0x0000000089a00000| Untracked 
| 155|0x0000000089b00000, 0x0000000089b00000, 0x0000000089c00000|  0%| F|  |TAMS 0x0000000089b00000, 0x0000000089b00000| Untracked 
| 156|0x0000000089c00000, 0x0000000089c00000, 0x0000000089d00000|  0%| F|  |TAMS 0x0000000089c00000, 0x0000000089c00000| Untracked 
| 157|0x0000000089d00000, 0x0000000089d00000, 0x0000000089e00000|  0%| F|  |TAMS 0x0000000089d00000, 0x0000000089d00000| Untracked 
| 158|0x0000000089e00000, 0x0000000089e00000, 0x0000000089f00000|  0%| F|  |TAMS 0x0000000089e00000, 0x0000000089e00000| Untracked 
| 159|0x0000000089f00000, 0x0000000089f00000, 0x000000008a000000|  0%| F|  |TAMS 0x0000000089f00000, 0x0000000089f00000| Untracked 
| 160|0x000000008a000000, 0x000000008a000000, 0x000000008a100000|  0%| F|  |TAMS 0x000000008a000000, 0x000000008a000000| Untracked 
| 161|0x000000008a100000, 0x000000008a100000, 0x000000008a200000|  0%| F|  |TAMS 0x000000008a100000, 0x000000008a100000| Untracked 
| 162|0x000000008a200000, 0x000000008a200000, 0x000000008a300000|  0%| F|  |TAMS 0x000000008a200000, 0x000000008a200000| Untracked 
| 163|0x000000008a300000, 0x000000008a300000, 0x000000008a400000|  0%| F|  |TAMS 0x000000008a300000, 0x000000008a300000| Untracked 
| 164|0x000000008a400000, 0x000000008a400000, 0x000000008a500000|  0%| F|  |TAMS 0x000000008a400000, 0x000000008a400000| Untracked 
| 165|0x000000008a500000, 0x000000008a500000, 0x000000008a600000|  0%| F|  |TAMS 0x000000008a500000, 0x000000008a500000| Untracked 
| 166|0x000000008a600000, 0x000000008a600000, 0x000000008a700000|  0%| F|  |TAMS 0x000000008a600000, 0x000000008a600000| Untracked 
| 167|0x000000008a700000, 0x000000008a700000, 0x000000008a800000|  0%| F|  |TAMS 0x000000008a700000, 0x000000008a700000| Untracked 
| 168|0x000000008a800000, 0x000000008a800000, 0x000000008a900000|  0%| F|  |TAMS 0x000000008a800000, 0x000000008a800000| Untracked 
| 169|0x000000008a900000, 0x000000008a900000, 0x000000008aa00000|  0%| F|  |TAMS 0x000000008a900000, 0x000000008a900000| Untracked 
| 170|0x000000008aa00000, 0x000000008aa00000, 0x000000008ab00000|  0%| F|  |TAMS 0x000000008aa00000, 0x000000008aa00000| Untracked 
| 171|0x000000008ab00000, 0x000000008ab00000, 0x000000008ac00000|  0%| F|  |TAMS 0x000000008ab00000, 0x000000008ab00000| Untracked 
| 172|0x000000008ac00000, 0x000000008ac00000, 0x000000008ad00000|  0%| F|  |TAMS 0x000000008ac00000, 0x000000008ac00000| Untracked 
| 173|0x000000008ad00000, 0x000000008ad00000, 0x000000008ae00000|  0%| F|  |TAMS 0x000000008ad00000, 0x000000008ad00000| Untracked 
| 174|0x000000008ae00000, 0x000000008ae00000, 0x000000008af00000|  0%| F|  |TAMS 0x000000008ae00000, 0x000000008ae00000| Untracked 
| 175|0x000000008af00000, 0x000000008af00000, 0x000000008b000000|  0%| F|  |TAMS 0x000000008af00000, 0x000000008af00000| Untracked 
| 176|0x000000008b000000, 0x000000008b000000, 0x000000008b100000|  0%| F|  |TAMS 0x000000008b000000, 0x000000008b000000| Untracked 
| 177|0x000000008b100000, 0x000000008b100000, 0x000000008b200000|  0%| F|  |TAMS 0x000000008b100000, 0x000000008b100000| Untracked 
| 178|0x000000008b200000, 0x000000008b200000, 0x000000008b300000|  0%| F|  |TAMS 0x000000008b200000, 0x000000008b200000| Untracked 
| 179|0x000000008b300000, 0x000000008b300000, 0x000000008b400000|  0%| F|  |TAMS 0x000000008b300000, 0x000000008b300000| Untracked 
| 180|0x000000008b400000, 0x000000008b400000, 0x000000008b500000|  0%| F|  |TAMS 0x000000008b400000, 0x000000008b400000| Untracked 
| 181|0x000000008b500000, 0x000000008b500000, 0x000000008b600000|  0%| F|  |TAMS 0x000000008b500000, 0x000000008b500000| Untracked 
| 182|0x000000008b600000, 0x000000008b600000, 0x000000008b700000|  0%| F|  |TAMS 0x000000008b600000, 0x000000008b600000| Untracked 
| 183|0x000000008b700000, 0x000000008b700000, 0x000000008b800000|  0%| F|  |TAMS 0x000000008b700000, 0x000000008b700000| Untracked 
| 184|0x000000008b800000, 0x000000008b800000, 0x000000008b900000|  0%| F|  |TAMS 0x000000008b800000, 0x000000008b800000| Untracked 
| 185|0x000000008b900000, 0x000000008b900000, 0x000000008ba00000|  0%| F|  |TAMS 0x000000008b900000, 0x000000008b900000| Untracked 
| 186|0x000000008ba00000, 0x000000008ba00000, 0x000000008bb00000|  0%| F|  |TAMS 0x000000008ba00000, 0x000000008ba00000| Untracked 
| 187|0x000000008bb00000, 0x000000008bb00000, 0x000000008bc00000|  0%| F|  |TAMS 0x000000008bb00000, 0x000000008bb00000| Untracked 
| 188|0x000000008bc00000, 0x000000008bc00000, 0x000000008bd00000|  0%| F|  |TAMS 0x000000008bc00000, 0x000000008bc00000| Untracked 
| 189|0x000000008bd00000, 0x000000008bd00000, 0x000000008be00000|  0%| F|  |TAMS 0x000000008bd00000, 0x000000008bd00000| Untracked 
| 190|0x000000008be00000, 0x000000008be00000, 0x000000008bf00000|  0%| F|  |TAMS 0x000000008be00000, 0x000000008be00000| Untracked 
| 191|0x000000008bf00000, 0x000000008bf00000, 0x000000008c000000|  0%| F|  |TAMS 0x000000008bf00000, 0x000000008bf00000| Untracked 
| 192|0x000000008c000000, 0x000000008c000000, 0x000000008c100000|  0%| F|  |TAMS 0x000000008c000000, 0x000000008c000000| Untracked 
| 193|0x000000008c100000, 0x000000008c100000, 0x000000008c200000|  0%| F|  |TAMS 0x000000008c100000, 0x000000008c100000| Untracked 
| 194|0x000000008c200000, 0x000000008c200000, 0x000000008c300000|  0%| F|  |TAMS 0x000000008c200000, 0x000000008c200000| Untracked 
| 195|0x000000008c300000, 0x000000008c300000, 0x000000008c400000|  0%| F|  |TAMS 0x000000008c300000, 0x000000008c300000| Untracked 
| 196|0x000000008c400000, 0x000000008c400000, 0x000000008c500000|  0%| F|  |TAMS 0x000000008c400000, 0x000000008c400000| Untracked 
| 197|0x000000008c500000, 0x000000008c500000, 0x000000008c600000|  0%| F|  |TAMS 0x000000008c500000, 0x000000008c500000| Untracked 
| 198|0x000000008c600000, 0x000000008c600000, 0x000000008c700000|  0%| F|  |TAMS 0x000000008c600000, 0x000000008c600000| Untracked 
| 199|0x000000008c700000, 0x000000008c700000, 0x000000008c800000|  0%| F|  |TAMS 0x000000008c700000, 0x000000008c700000| Untracked 
| 200|0x000000008c800000, 0x000000008c800000, 0x000000008c900000|  0%| F|  |TAMS 0x000000008c800000, 0x000000008c800000| Untracked 
| 201|0x000000008c900000, 0x000000008c900000, 0x000000008ca00000|  0%| F|  |TAMS 0x000000008c900000, 0x000000008c900000| Untracked 
| 202|0x000000008ca00000, 0x000000008ca00000, 0x000000008cb00000|  0%| F|  |TAMS 0x000000008ca00000, 0x000000008ca00000| Untracked 
| 203|0x000000008cb00000, 0x000000008cb00000, 0x000000008cc00000|  0%| F|  |TAMS 0x000000008cb00000, 0x000000008cb00000| Untracked 
| 204|0x000000008cc00000, 0x000000008cc80800, 0x000000008cd00000| 50%| E|  |TAMS 0x000000008cc00000, 0x000000008cc00000| Complete 
| 205|0x000000008cd00000, 0x000000008ce00000, 0x000000008ce00000|100%| E|CS|TAMS 0x000000008cd00000, 0x000000008cd00000| Complete 
| 206|0x000000008ce00000, 0x000000008cf00000, 0x000000008cf00000|100%| E|CS|TAMS 0x000000008ce00000, 0x000000008ce00000| Complete 
| 207|0x000000008cf00000, 0x000000008d000000, 0x000000008d000000|100%| E|CS|TAMS 0x000000008cf00000, 0x000000008cf00000| Complete 
| 208|0x000000008d000000, 0x000000008d100000, 0x000000008d100000|100%| E|CS|TAMS 0x000000008d000000, 0x000000008d000000| Complete 
| 209|0x000000008d100000, 0x000000008d200000, 0x000000008d200000|100%| E|CS|TAMS 0x000000008d100000, 0x000000008d100000| Complete 
| 210|0x000000008d200000, 0x000000008d300000, 0x000000008d300000|100%| E|CS|TAMS 0x000000008d200000, 0x000000008d200000| Complete 
| 211|0x000000008d300000, 0x000000008d400000, 0x000000008d400000|100%| E|CS|TAMS 0x000000008d300000, 0x000000008d300000| Complete 
| 212|0x000000008d400000, 0x000000008d500000, 0x000000008d500000|100%| E|CS|TAMS 0x000000008d400000, 0x000000008d400000| Complete 
| 213|0x000000008d500000, 0x000000008d600000, 0x000000008d600000|100%| E|CS|TAMS 0x000000008d500000, 0x000000008d500000| Complete 
| 214|0x000000008d600000, 0x000000008d700000, 0x000000008d700000|100%| E|CS|TAMS 0x000000008d600000, 0x000000008d600000| Complete 
| 215|0x000000008d700000, 0x000000008d800000, 0x000000008d800000|100%| E|CS|TAMS 0x000000008d700000, 0x000000008d700000| Complete 
| 216|0x000000008d800000, 0x000000008d900000, 0x000000008d900000|100%| E|CS|TAMS 0x000000008d800000, 0x000000008d800000| Complete 
| 217|0x000000008d900000, 0x000000008da00000, 0x000000008da00000|100%| E|CS|TAMS 0x000000008d900000, 0x000000008d900000| Complete 
| 218|0x000000008da00000, 0x000000008db00000, 0x000000008db00000|100%| E|CS|TAMS 0x000000008da00000, 0x000000008da00000| Complete 
| 219|0x000000008db00000, 0x000000008dc00000, 0x000000008dc00000|100%| E|CS|TAMS 0x000000008db00000, 0x000000008db00000| Complete 
| 220|0x000000008dc00000, 0x000000008dd00000, 0x000000008dd00000|100%| E|CS|TAMS 0x000000008dc00000, 0x000000008dc00000| Complete 
| 221|0x000000008dd00000, 0x000000008de00000, 0x000000008de00000|100%| E|CS|TAMS 0x000000008dd00000, 0x000000008dd00000| Complete 

Card table byte_map: [0x000001bda5eb0000,0x000001bda62b0000] _byte_map_base: 0x000001bda5ab0000

Marking Bits (Prev, Next): (CMBitMap*) 0x000001bd92feb5f0, (CMBitMap*) 0x000001bd92feb5b8
 Prev Bits: [0x000001bda86b0000, 0x000001bdaa6b0000)
 Next Bits: [0x000001bda66b0000, 0x000001bda86b0000)

Polling page: 0x000001bd90e50000

Metaspace:

Usage:
  Non-class:     79.92 MB capacity,    78.49 MB ( 98%) used,     1.20 MB (  2%) free+waste,   230.75 KB ( <1%) overhead. 
      Class:     12.42 MB capacity,    11.66 MB ( 94%) used,   672.98 KB (  5%) free+waste,   106.50 KB ( <1%) overhead. 
       Both:     92.34 MB capacity,    90.15 MB ( 98%) used,     1.86 MB (  2%) free+waste,   337.25 KB ( <1%) overhead. 

Virtual space:
  Non-class space:       80.00 MB reserved,      80.00 MB (100%) committed 
      Class space:        1.00 GB reserved,      12.52 MB (  1%) committed 
             Both:        1.08 GB reserved,      92.52 MB (  8%) committed 

Chunk freelists:
   Non-Class:  23.00 KB
       Class:  17.00 KB
        Both:  40.00 KB

MaxMetaspaceSize: 17179869184.00 GB
CompressedClassSpaceSize: 1.00 GB

CodeHeap 'non-profiled nmethods': size=120064Kb used=5023Kb max_used=5023Kb free=115040Kb
 bounds [0x000001bd9e570000, 0x000001bd9ea60000, 0x000001bda5ab0000]
CodeHeap 'profiled nmethods': size=120000Kb used=18361Kb max_used=18361Kb free=101638Kb
 bounds [0x000001bd97040000, 0x000001bd98230000, 0x000001bd9e570000]
CodeHeap 'non-nmethods': size=5696Kb used=2311Kb max_used=2350Kb free=3384Kb
 bounds [0x000001bd96ab0000, 0x000001bd96d20000, 0x000001bd97040000]
 total_blobs=9431 nmethods=8512 adapters=829
 compilation: enabled
              stopped_count=0, restarted_count=0
 full_count=0

Compilation events (20 events):
Event: 19.712 Thread 0x000001bdacbb8800 8566 % !   3       sun.text.normalizer.Trie2::createFromSerialized @ 317 (406 bytes)
Event: 19.714 Thread 0x000001bdacbb8800 nmethod 8566% 0x000001bd98216290 code [0x000001bd982165c0, 0x000001bd98217bf8]
Event: 19.718 Thread 0x000001bdacbb8800 8568       3       java.util.regex.Pattern$Begin::match (62 bytes)
Event: 19.718 Thread 0x000001bdacbb6800 nmethod 8563 0x000001bd9ea56390 code [0x000001bd9ea56580, 0x000001bd9ea572d8]
Event: 19.718 Thread 0x000001bdacbb8800 nmethod 8568 0x000001bd98218590 code [0x000001bd98218760, 0x000001bd98218a88]
Event: 19.718 Thread 0x000001bdacbb6800 8570       4       java.util.regex.Pattern$SliceI::match (96 bytes)
Event: 19.720 Thread 0x000001bdacbb8800 8572       3       sun.security.ssl.SSLAlgorithmConstraints::permits (96 bytes)
Event: 19.721 Thread 0x000001bdacbb8800 nmethod 8572 0x000001bd98218c10 code [0x000001bd98218e60, 0x000001bd982195f8]
Event: 19.723 Thread 0x000001bdacbb8800 8574       3       java.security.Provider::ensureLegacyParsed (123 bytes)
Event: 19.723 Thread 0x000001bdacbb8800 nmethod 8574 0x000001bd98219890 code [0x000001bd98219b20, 0x000001bd9821a848]
Event: 19.725 Thread 0x000001bdacbb8800 8575       3       java.math.BigInteger::trustedStripLeadingZeroInts (37 bytes)
Event: 19.725 Thread 0x000001bdacbb8800 nmethod 8575 0x000001bd9821ab90 code [0x000001bd9821ad60, 0x000001bd9821afc8]
Event: 19.725 Thread 0x000001bdacbb6800 nmethod 8570 0x000001bd9ea57690 code [0x000001bd9ea57840, 0x000001bd9ea57b08]
Event: 19.725 Thread 0x000001bdacbb6800 8573 %     4       sun.security.util.AbstractAlgorithmConstraints::checkAlgorithm @ 98 (140 bytes)
Event: 19.727 Thread 0x000001bdacbb8800 8577       3       sun.security.util.AlgorithmDecomposer::decompose (336 bytes)
Event: 19.728 Thread 0x000001bdacbb8800 nmethod 8577 0x000001bd9821b110 code [0x000001bd9821b560, 0x000001bd9821d728]
Event: 19.728 Thread 0x000001bdacbb8800 8578       3       sun.security.ssl.CipherSuite::isAvailable (52 bytes)
Event: 19.729 Thread 0x000001bdacbb8800 nmethod 8578 0x000001bd9821dc90 code [0x000001bd9821de60, 0x000001bd9821e1d8]
Event: 19.730 Thread 0x000001bdacbb8800 8579       2       java.lang.String::split (324 bytes)
Event: 19.734 Thread 0x000001bdacbb8800 nmethod 8579 0x000001bd9821e310 code [0x000001bd9821e6a0, 0x000001bd9821fbd8]

GC Heap History (20 events):
Event: 7.279 GC heap before
{Heap before GC invocations=10 (full 0):
 garbage-first heap   total 157696K, used 92510K [0x0000000080000000, 0x0000000100000000)
  region size 1024K, 55 young (56320K), 2 survivors (2048K)
 Metaspace       used 40641K, capacity 41755K, committed 41984K, reserved 1085440K
  class space    used 5189K, capacity 5589K, committed 5632K, reserved 1048576K
}
Event: 7.296 GC heap after
{Heap after GC invocations=11 (full 0):
 garbage-first heap   total 157696K, used 40757K [0x0000000080000000, 0x0000000100000000)
  region size 1024K, 7 young (7168K), 7 survivors (7168K)
 Metaspace       used 40641K, capacity 41755K, committed 41984K, reserved 1085440K
  class space    used 5189K, capacity 5589K, committed 5632K, reserved 1048576K
}
Event: 8.287 GC heap before
{Heap before GC invocations=12 (full 0):
 garbage-first heap   total 157696K, used 99125K [0x0000000080000000, 0x0000000100000000)
  region size 1024K, 61 young (62464K), 7 survivors (7168K)
 Metaspace       used 44839K, capacity 46097K, committed 46336K, reserved 1089536K
  class space    used 5655K, capacity 6110K, committed 6144K, reserved 1048576K
}
Event: 8.305 GC heap after
{Heap after GC invocations=13 (full 0):
 garbage-first heap   total 189440K, used 49147K [0x0000000080000000, 0x0000000100000000)
  region size 1024K, 6 young (6144K), 6 survivors (6144K)
 Metaspace       used 44839K, capacity 46097K, committed 46336K, reserved 1089536K
  class space    used 5655K, capacity 6110K, committed 6144K, reserved 1048576K
}
Event: 9.685 GC heap before
{Heap before GC invocations=13 (full 0):
 garbage-first heap   total 189440K, used 122875K [0x0000000080000000, 0x0000000100000000)
  region size 1024K, 74 young (75776K), 6 survivors (6144K)
 Metaspace       used 48576K, capacity 50066K, committed 50304K, reserved 1093632K
  class space    used 6265K, capacity 6771K, committed 6784K, reserved 1048576K
}
Event: 9.701 GC heap after
{Heap after GC invocations=14 (full 0):
 garbage-first heap   total 189440K, used 56799K [0x0000000080000000, 0x0000000100000000)
  region size 1024K, 10 young (10240K), 10 survivors (10240K)
 Metaspace       used 48576K, capacity 50066K, committed 50304K, reserved 1093632K
  class space    used 6265K, capacity 6771K, committed 6784K, reserved 1048576K
}
Event: 11.286 GC heap before
{Heap before GC invocations=14 (full 0):
 garbage-first heap   total 189440K, used 134623K [0x0000000080000000, 0x0000000100000000)
  region size 1024K, 82 young (83968K), 10 survivors (10240K)
 Metaspace       used 53195K, capacity 54790K, committed 55040K, reserved 1097728K
  class space    used 6802K, capacity 7333K, committed 7424K, reserved 1048576K
}
Event: 11.309 GC heap after
{Heap after GC invocations=15 (full 0):
 garbage-first heap   total 189440K, used 70132K [0x0000000080000000, 0x0000000100000000)
  region size 1024K, 11 young (11264K), 11 survivors (11264K)
 Metaspace       used 53195K, capacity 54790K, committed 55040K, reserved 1097728K
  class space    used 6802K, capacity 7333K, committed 7424K, reserved 1048576K
}
Event: 12.704 GC heap before
{Heap before GC invocations=15 (full 0):
 garbage-first heap   total 189440K, used 135668K [0x0000000080000000, 0x0000000100000000)
  region size 1024K, 76 young (77824K), 11 survivors (11264K)
 Metaspace       used 62254K, capacity 64117K, committed 64384K, reserved 1105920K
  class space    used 7919K, capacity 8564K, committed 8576K, reserved 1048576K
}
Event: 12.728 GC heap after
{Heap after GC invocations=16 (full 0):
 garbage-first heap   total 189440K, used 75729K [0x0000000080000000, 0x0000000100000000)
  region size 1024K, 5 young (5120K), 5 survivors (5120K)
 Metaspace       used 62254K, capacity 64117K, committed 64384K, reserved 1105920K
  class space    used 7919K, capacity 8564K, committed 8576K, reserved 1048576K
}
Event: 13.794 GC heap before
{Heap before GC invocations=16 (full 0):
 garbage-first heap   total 189440K, used 142289K [0x0000000080000000, 0x0000000100000000)
  region size 1024K, 69 young (70656K), 5 survivors (5120K)
 Metaspace       used 66232K, capacity 68058K, committed 68224K, reserved 1107968K
  class space    used 8440K, capacity 9077K, committed 9088K, reserved 1048576K
}
Event: 13.809 GC heap after
{Heap after GC invocations=17 (full 0):
 garbage-first heap   total 227328K, used 79825K [0x0000000080000000, 0x0000000100000000)
  region size 1024K, 9 young (9216K), 9 survivors (9216K)
 Metaspace       used 66232K, capacity 68058K, committed 68224K, reserved 1107968K
  class space    used 8440K, capacity 9077K, committed 9088K, reserved 1048576K
}
Event: 14.352 GC heap before
{Heap before GC invocations=17 (full 0):
 garbage-first heap   total 227328K, used 106449K [0x0000000080000000, 0x0000000100000000)
  region size 1024K, 36 young (36864K), 9 survivors (9216K)
 Metaspace       used 68523K, capacity 70350K, committed 70400K, reserved 1110016K
  class space    used 8780K, capacity 9436K, committed 9472K, reserved 1048576K
}
Event: 14.374 GC heap after
{Heap after GC invocations=18 (full 0):
 garbage-first heap   total 227328K, used 82091K [0x0000000080000000, 0x0000000100000000)
  region size 1024K, 7 young (7168K), 7 survivors (7168K)
 Metaspace       used 68523K, capacity 70350K, committed 70400K, reserved 1110016K
  class space    used 8780K, capacity 9436K, committed 9472K, reserved 1048576K
}
Event: 16.211 GC heap before
{Heap before GC invocations=19 (full 0):
 garbage-first heap   total 227328K, used 166059K [0x0000000080000000, 0x0000000100000000)
  region size 1024K, 81 young (82944K), 7 survivors (7168K)
 Metaspace       used 74782K, capacity 76767K, committed 76824K, reserved 1116160K
  class space    used 9753K, capacity 10473K, committed 10520K, reserved 1048576K
}
Event: 16.232 GC heap after
{Heap after GC invocations=20 (full 0):
 garbage-first heap   total 227328K, used 98802K [0x0000000080000000, 0x0000000100000000)
  region size 1024K, 10 young (10240K), 10 survivors (10240K)
 Metaspace       used 74782K, capacity 76767K, committed 76824K, reserved 1116160K
  class space    used 9753K, capacity 10473K, committed 10520K, reserved 1048576K
}
Event: 17.793 GC heap before
{Heap before GC invocations=21 (full 0):
 garbage-first heap   total 227328K, used 169458K [0x0000000080000000, 0x0000000100000000)
  region size 1024K, 79 young (80896K), 10 survivors (10240K)
 Metaspace       used 81300K, capacity 83424K, committed 83480K, reserved 1122304K
  class space    used 10502K, capacity 11232K, committed 11288K, reserved 1048576K
}
Event: 17.813 GC heap after
{Heap after GC invocations=22 (full 0):
 garbage-first heap   total 227328K, used 102721K [0x0000000080000000, 0x0000000100000000)
  region size 1024K, 4 young (4096K), 4 survivors (4096K)
 Metaspace       used 81300K, capacity 83424K, committed 83480K, reserved 1122304K
  class space    used 10502K, capacity 11232K, committed 11288K, reserved 1048576K
}
Event: 19.458 GC heap before
{Heap before GC invocations=22 (full 0):
 garbage-first heap   total 227328K, used 174401K [0x0000000080000000, 0x0000000100000000)
  region size 1024K, 74 young (75776K), 4 survivors (4096K)
 Metaspace       used 90174K, capacity 92463K, committed 92696K, reserved 1130496K
  class space    used 11620K, capacity 12429K, committed 12568K, reserved 1048576K
}
Event: 19.475 GC heap after
{Heap after GC invocations=23 (full 0):
 garbage-first heap   total 227328K, used 107718K [0x0000000080000000, 0x0000000100000000)
  region size 1024K, 9 young (9216K), 9 survivors (9216K)
 Metaspace       used 90174K, capacity 92463K, committed 92696K, reserved 1130496K
  class space    used 11620K, capacity 12429K, committed 12568K, reserved 1048576K
}

Deoptimization events (20 events):
Event: 19.446 Thread 0x000001bdafa38000 Uncommon trap: trap_request=0xffffff4d fr.pc=0x000001bd9e576494 relative=0x00000000000001f4
Event: 19.446 Thread 0x000001bdafa38000 Uncommon trap: reason=unstable_if action=reinterpret pc=0x000001bd9e576494 method=java.lang.String.isLatin1()Z @ 10 c2
Event: 19.446 Thread 0x000001bdafa38000 DEOPT PACKING pc=0x000001bd9e576494 sp=0x000000af0bdf5780
Event: 19.446 Thread 0x000001bdafa38000 DEOPT UNPACKING pc=0x000001bd96ad662f sp=0x000000af0bdf56b0 mode 2
Event: 19.453 Thread 0x000001bdafa38000 Uncommon trap: trap_request=0xffffff4d fr.pc=0x000001bd9e64722c relative=0x000000000000122c
Event: 19.453 Thread 0x000001bdafa38000 Uncommon trap: reason=unstable_if action=reinterpret pc=0x000001bd9e64722c method=java.util.concurrent.ConcurrentHashMap.transfer([Ljava/util/concurrent/ConcurrentHashMap$Node;[Ljava/util/concurrent/ConcurrentHashMap$Node;)V @ 352 c2
Event: 19.453 Thread 0x000001bdafa38000 DEOPT PACKING pc=0x000001bd9e64722c sp=0x000000af0bdf5620
Event: 19.453 Thread 0x000001bdafa38000 DEOPT UNPACKING pc=0x000001bd96ad662f sp=0x000000af0bdf55b8 mode 2
Event: 19.666 Thread 0x000001bdafa38000 Uncommon trap: trap_request=0xffffff4d fr.pc=0x000001bd9e8c01c8 relative=0x00000000000000a8
Event: 19.666 Thread 0x000001bdafa38000 Uncommon trap: reason=unstable_if action=reinterpret pc=0x000001bd9e8c01c8 method=java.lang.CharacterDataLatin1.digit(II)I @ 12 c2
Event: 19.666 Thread 0x000001bdafa38000 DEOPT PACKING pc=0x000001bd9e8c01c8 sp=0x000000af0bdf53a0
Event: 19.666 Thread 0x000001bdafa38000 DEOPT UNPACKING pc=0x000001bd96ad662f sp=0x000000af0bdf5258 mode 2
Event: 19.685 Thread 0x000001bdafa38000 Uncommon trap: trap_request=0xffffff4d fr.pc=0x000001bd9e751344 relative=0x0000000000000184
Event: 19.685 Thread 0x000001bdafa38000 Uncommon trap: reason=unstable_if action=reinterpret pc=0x000001bd9e751344 method=sun.net.www.ParseUtil.encodePath(Ljava/lang/String;Z)Ljava/lang/String; @ 1 c2
Event: 19.685 Thread 0x000001bdafa38000 DEOPT PACKING pc=0x000001bd9e751344 sp=0x000000af0bdf5310
Event: 19.685 Thread 0x000001bdafa38000 DEOPT UNPACKING pc=0x000001bd96ad662f sp=0x000000af0bdf52b8 mode 2
Event: 19.720 Thread 0x000001bdafa38000 Uncommon trap: trap_request=0xffffffcc fr.pc=0x000001bd9ea4de90 relative=0x0000000000004750
Event: 19.720 Thread 0x000001bdafa38000 Uncommon trap: reason=intrinsic_or_type_checked_inlining action=make_not_entrant pc=0x000001bd9ea4de90 method=java.util.ArrayList$SubList.toArray([Ljava/lang/Object;)[Ljava/lang/Object; @ 58 c2
Event: 19.720 Thread 0x000001bdafa38000 DEOPT PACKING pc=0x000001bd9ea4de90 sp=0x000000af0bdf4b00
Event: 19.720 Thread 0x000001bdafa38000 DEOPT UNPACKING pc=0x000001bd96ad662f sp=0x000000af0bdf4a88 mode 2

Classes redefined (0 events):
No events

Internal exceptions (20 events):
Event: 17.107 Thread 0x000001bdafa38000 Exception <a 'java/lang/ClassNotFoundException'{0x000000008bdb49a0}: org/gradle/api/plugins/internal/DefaultJavaPluginConventionBeanInfo> (0x000000008bdb49a0) thrown at [./src/hotspot/share/classfile/systemDictionary.cpp, line 231]
Event: 17.108 Thread 0x000001bdafa38000 Exception <a 'java/lang/ClassNotFoundException'{0x000000008bdd3f48}: org/gradle/api/plugins/JavaPluginConventionBeanInfo> (0x000000008bdd3f48) thrown at [./src/hotspot/share/classfile/systemDictionary.cpp, line 231]
Event: 17.108 Thread 0x000001bdafa38000 Exception <a 'java/lang/ClassNotFoundException'{0x000000008bdf35e8}: org/gradle/api/plugins/JavaPluginConventionCustomizer> (0x000000008bdf35e8) thrown at [./src/hotspot/share/classfile/systemDictionary.cpp, line 231]
Event: 17.110 Thread 0x000001bdafa38000 Exception <a 'java/lang/ClassNotFoundException'{0x000000008bc2b340}: org/gradle/api/plugins/internal/DefaultJavaPluginConventionCustomizer> (0x000000008bc2b340) thrown at [./src/hotspot/share/classfile/systemDictionary.cpp, line 231]
Event: 17.116 Thread 0x000001bdafa38000 Exception <a 'java/lang/ClassNotFoundException'{0x000000008bca1a28}: org/gradle/api/plugins/internal/DefaultBasePluginConventionBeanInfo> (0x000000008bca1a28) thrown at [./src/hotspot/share/classfile/systemDictionary.cpp, line 231]
Event: 17.116 Thread 0x000001bdafa38000 Exception <a 'java/lang/ClassNotFoundException'{0x000000008bcc0fd0}: org/gradle/api/plugins/BasePluginConventionBeanInfo> (0x000000008bcc0fd0) thrown at [./src/hotspot/share/classfile/systemDictionary.cpp, line 231]
Event: 17.117 Thread 0x000001bdafa38000 Exception <a 'java/lang/ClassNotFoundException'{0x000000008bce0670}: org/gradle/api/plugins/BasePluginConventionCustomizer> (0x000000008bce0670) thrown at [./src/hotspot/share/classfile/systemDictionary.cpp, line 231]
Event: 17.118 Thread 0x000001bdafa38000 Exception <a 'java/lang/ClassNotFoundException'{0x000000008bb0e800}: org/gradle/api/plugins/internal/DefaultBasePluginConventionCustomizer> (0x000000008bb0e800) thrown at [./src/hotspot/share/classfile/systemDictionary.cpp, line 231]
Event: 17.480 Thread 0x000001bdafa38000 Exception <a 'java/lang/NoSuchMethodError'{0x000000008a7de480}: <clinit>> (0x000000008a7de480) thrown at [./src/hotspot/share/prims/jni.cpp, line 1362]
Event: 17.662 Thread 0x000001bdafa38000 Exception <a 'sun/nio/fs/WindowsException'{0x0000000089f36168}> (0x0000000089f36168) thrown at [./src/hotspot/share/prims/jni.cpp, line 615]
Event: 17.663 Thread 0x000001bdafa38000 Exception <a 'sun/nio/fs/WindowsException'{0x0000000089f36528}> (0x0000000089f36528) thrown at [./src/hotspot/share/prims/jni.cpp, line 615]
Event: 17.859 Thread 0x000001bdafa38000 Exception <a 'java/lang/NullPointerException'{0x000000008db7d0c0}> (0x000000008db7d0c0) thrown at [./src/hotspot/share/interpreter/linkResolver.cpp, line 1440]
Event: 18.226 Thread 0x000001bdafa38000 Exception <a 'java/lang/NoSuchMethodError'{0x000000008ccc5da0}: 'int java.lang.invoke.DirectMethodHandle$Holder.invokeStatic(java.lang.Object, java.lang.Object, int, java.lang.Object)'> (0x000000008ccc5da0) thrown at [./src/hotspot/share/interpreter/linkResolver.cpp, line 773]
Event: 18.321 Thread 0x000001bdafa38000 Exception <a 'sun/nio/fs/WindowsException'{0x000000008cbf65e0}> (0x000000008cbf65e0) thrown at [./src/hotspot/share/prims/jni.cpp, line 615]
Event: 18.321 Thread 0x000001bdafa38000 Exception <a 'sun/nio/fs/WindowsException'{0x000000008cbf76c0}> (0x000000008cbf76c0) thrown at [./src/hotspot/share/prims/jni.cpp, line 615]
Event: 18.322 Thread 0x000001bdafa38000 Exception <a 'sun/nio/fs/WindowsException'{0x000000008cbf87d8}> (0x000000008cbf87d8) thrown at [./src/hotspot/share/prims/jni.cpp, line 615]
Event: 18.322 Thread 0x000001bdafa38000 Exception <a 'sun/nio/fs/WindowsException'{0x000000008cbf98f0}> (0x000000008cbf98f0) thrown at [./src/hotspot/share/prims/jni.cpp, line 615]
Event: 18.633 Thread 0x000001bdafa38000 Exception <a 'java/lang/reflect/InvocationTargetException'{0x000000008bd12558}> (0x000000008bd12558) thrown at [./src/hotspot/share/runtime/reflection.cpp, line 1247]
Event: 19.095 Thread 0x000001bdafa38000 Implicit null exception at 0x000001bd9e90e794 to 0x000001bd9e90ed6c
Event: 19.210 Thread 0x000001bdafa38000 Exception <a 'sun/nio/fs/WindowsException'{0x000000008a3b5a58}> (0x000000008a3b5a58) thrown at [./src/hotspot/share/prims/jni.cpp, line 615]

Events (20 events):
Event: 19.758 loading class sun/security/ssl/CertStatusExtension$CertStatusRequestType
Event: 19.758 loading class sun/security/ssl/CertStatusExtension$CertStatusRequestType done
Event: 19.759 loading class sun/security/ssl/SupportedGroupsExtension$SupportedGroupsSpec
Event: 19.759 loading class sun/security/ssl/SupportedGroupsExtension$SupportedGroupsSpec done
Event: 19.759 loading class sun/security/ssl/ECPointFormatsExtension$ECPointFormatsSpec
Event: 19.759 loading class sun/security/ssl/ECPointFormatsExtension$ECPointFormatsSpec done
Event: 19.759 loading class sun/security/ssl/ECPointFormatsExtension$ECPointFormat
Event: 19.759 loading class sun/security/ssl/ECPointFormatsExtension$ECPointFormat done
Event: 19.759 loading class sun/security/ssl/SignatureScheme
Event: 19.760 loading class sun/security/ssl/SignatureScheme done
Event: 19.763 loading class java/security/AuthProvider
Event: 19.763 loading class java/security/AuthProvider done
Event: 19.766 loading class javax/security/auth/login/LoginException
Event: 19.767 loading class javax/security/auth/login/LoginException done
Event: 19.767 loading class javax/security/auth/login/FailedLoginException
Event: 19.767 loading class javax/security/auth/login/FailedLoginException done
Event: 19.767 loading class javax/security/auth/Subject
Event: 19.768 loading class javax/security/auth/Subject done
Event: 19.768 loading class javax/security/auth/callback/CallbackHandler
Event: 19.768 loading class javax/security/auth/callback/CallbackHandler done


Dynamic libraries:
0x00007ff659a10000 - 0x00007ff659a1a000 	C:\Program Files\Android\Android Studio\jre\bin\java.exe
0x00007ff843150000 - 0x00007ff843345000 	C:\WINDOWS\SYSTEM32\ntdll.dll
0x00007ff843050000 - 0x00007ff84310e000 	C:\WINDOWS\System32\KERNEL32.DLL
0x00007ff840870000 - 0x00007ff840b38000 	C:\WINDOWS\System32\KERNELBASE.dll
0x00007ff8410b0000 - 0x00007ff8411b0000 	C:\WINDOWS\System32\ucrtbase.dll
0x00007ff839350000 - 0x00007ff839367000 	C:\Program Files\Android\Android Studio\jre\bin\VCRUNTIME140.dll
0x00007ff833f40000 - 0x00007ff833f59000 	C:\Program Files\Android\Android Studio\jre\bin\jli.dll
0x00007ff842430000 - 0x00007ff8425d0000 	C:\WINDOWS\System32\USER32.dll
0x00007ff840cd0000 - 0x00007ff840cf2000 	C:\WINDOWS\System32\win32u.dll
0x00007ff833f90000 - 0x00007ff83422a000 	C:\WINDOWS\WinSxS\amd64_microsoft.windows.common-controls_6595b64144ccf1df_6.0.19041.1110_none_60b5254171f9507e\COMCTL32.dll
0x00007ff841460000 - 0x00007ff84148a000 	C:\WINDOWS\System32\GDI32.dll
0x00007ff841360000 - 0x00007ff8413fe000 	C:\WINDOWS\System32\msvcrt.dll
0x00007ff840b90000 - 0x00007ff840c9b000 	C:\WINDOWS\System32\gdi32full.dll
0x00007ff840db0000 - 0x00007ff840e4d000 	C:\WINDOWS\System32\msvcp_win.dll
0x00007ff8411b0000 - 0x00007ff8411e0000 	C:\WINDOWS\System32\IMM32.DLL
0x00007ff826980000 - 0x00007ff826a1d000 	C:\Program Files\Android\Android Studio\jre\bin\msvcp140.dll
0x00007ff811b00000 - 0x00007ff8125d5000 	C:\Program Files\Android\Android Studio\jre\bin\server\jvm.dll
0x00007ff842bc0000 - 0x00007ff842c6e000 	C:\WINDOWS\System32\ADVAPI32.dll
0x00007ff8425d0000 - 0x00007ff84266c000 	C:\WINDOWS\System32\sechost.dll
0x00007ff8428f0000 - 0x00007ff842a15000 	C:\WINDOWS\System32\RPCRT4.dll
0x00007ff842a20000 - 0x00007ff842a28000 	C:\WINDOWS\System32\PSAPI.DLL
0x00007ff82eeb0000 - 0x00007ff82eeb9000 	C:\WINDOWS\SYSTEM32\WSOCK32.dll
0x00007ff8324b0000 - 0x00007ff8324d7000 	C:\WINDOWS\SYSTEM32\WINMM.dll
0x00007ff8417f0000 - 0x00007ff84185b000 	C:\WINDOWS\System32\WS2_32.dll
0x00007ff835f70000 - 0x00007ff835f7a000 	C:\WINDOWS\SYSTEM32\VERSION.dll
0x00007ff83f150000 - 0x00007ff83f162000 	C:\WINDOWS\SYSTEM32\kernel.appcore.dll
0x00007ff839210000 - 0x00007ff839221000 	C:\Program Files\Android\Android Studio\jre\bin\verify.dll
0x00007ff83ee30000 - 0x00007ff83f014000 	C:\WINDOWS\SYSTEM32\DBGHELP.DLL
0x00007ff82d200000 - 0x00007ff82d22c000 	C:\WINDOWS\SYSTEM32\dbgcore.DLL
0x00007ff841020000 - 0x00007ff8410a2000 	C:\WINDOWS\System32\bcryptPrimitives.dll
0x00007ff836500000 - 0x00007ff836529000 	C:\Program Files\Android\Android Studio\jre\bin\java.dll
0x00007ff83bc40000 - 0x00007ff83bc4b000 	C:\Program Files\Android\Android Studio\jre\bin\jimage.dll
0x00007ff839170000 - 0x00007ff839188000 	C:\Program Files\Android\Android Studio\jre\bin\zip.dll
0x00007ff841860000 - 0x00007ff841fa4000 	C:\WINDOWS\System32\SHELL32.dll
0x00007ff83e5c0000 - 0x00007ff83ed54000 	C:\WINDOWS\SYSTEM32\windows.storage.dll
0x00007ff842c70000 - 0x00007ff842fc4000 	C:\WINDOWS\System32\combase.dll
0x00007ff840210000 - 0x00007ff84023c000 	C:\WINDOWS\SYSTEM32\Wldp.dll
0x00007ff841740000 - 0x00007ff8417ed000 	C:\WINDOWS\System32\SHCORE.dll
0x00007ff842a30000 - 0x00007ff842a85000 	C:\WINDOWS\System32\shlwapi.dll
0x00007ff8407b0000 - 0x00007ff8407cf000 	C:\WINDOWS\SYSTEM32\profapi.dll
0x00007ff836220000 - 0x00007ff83623a000 	C:\Program Files\Android\Android Studio\jre\bin\net.dll
0x00007ff831c90000 - 0x00007ff831d9a000 	C:\WINDOWS\SYSTEM32\WINHTTP.dll
0x00007ff83ff70000 - 0x00007ff83ffda000 	C:\WINDOWS\system32\mswsock.dll
0x00007ff833e70000 - 0x00007ff833e84000 	C:\Program Files\Android\Android Studio\jre\bin\nio.dll
0x00007ff833f60000 - 0x00007ff833f87000 	C:\Users\Hi\.gradle\native\e1d6ef7f7dcc3fd88c89a11ec53ec762bb8ba0a96d01ffa2cd45eb1d1d8dd5c5\windows-amd64\native-platform.dll
0x00007ff819820000 - 0x00007ff819964000 	C:\Users\Hi\.gradle\native\5664cfc778a61ccfe75a443a1ab52a65af34e5dc3c78e0209fed803814484fcb\windows-amd64\native-platform-file-events.dll
0x00007ff83a040000 - 0x00007ff83a04a000 	C:\Program Files\Android\Android Studio\jre\bin\management.dll
0x00007ff839fc0000 - 0x00007ff839fcd000 	C:\Program Files\Android\Android Studio\jre\bin\management_ext.dll
0x00007ff840170000 - 0x00007ff840188000 	C:\WINDOWS\SYSTEM32\CRYPTSP.dll
0x00007ff83f8f0000 - 0x00007ff83f924000 	C:\WINDOWS\system32\rsaenh.dll
0x00007ff840ca0000 - 0x00007ff840cc7000 	C:\WINDOWS\System32\bcrypt.dll
0x00007ff840730000 - 0x00007ff84075e000 	C:\WINDOWS\SYSTEM32\USERENV.dll
0x00007ff840160000 - 0x00007ff84016c000 	C:\WINDOWS\SYSTEM32\CRYPTBASE.dll
0x00007ff83fc60000 - 0x00007ff83fc9b000 	C:\WINDOWS\SYSTEM32\IPHLPAPI.DLL
0x00007ff842420000 - 0x00007ff842428000 	C:\WINDOWS\System32\NSI.dll
0x00007ff836490000 - 0x00007ff8364a7000 	C:\WINDOWS\SYSTEM32\dhcpcsvc6.DLL
0x00007ff837270000 - 0x00007ff83728d000 	C:\WINDOWS\SYSTEM32\dhcpcsvc.DLL
0x00007ff83fca0000 - 0x00007ff83fd6b000 	C:\WINDOWS\SYSTEM32\DNSAPI.dll
0x00007ff830050000 - 0x00007ff830077000 	C:\Program Files\Android\Android Studio\jre\bin\sunec.dll
0x00007ff8311e0000 - 0x00007ff8311ea000 	C:\Windows\System32\rasadhlp.dll
0x00007ff831db0000 - 0x00007ff831e2f000 	C:\WINDOWS\System32\fwpuclnt.dll

dbghelp: loaded successfully - version: 4.0.5 - missing functions: none
symbol engine: initialized successfully - sym options: 0x614 - pdb path: .;C:\Program Files\Android\Android Studio\jre\bin;C:\WINDOWS\SYSTEM32;C:\WINDOWS\WinSxS\amd64_microsoft.windows.common-controls_6595b64144ccf1df_6.0.19041.1110_none_60b5254171f9507e;C:\Program Files\Android\Android Studio\jre\bin\server;C:\Users\Hi\.gradle\native\e1d6ef7f7dcc3fd88c89a11ec53ec762bb8ba0a96d01ffa2cd45eb1d1d8dd5c5\windows-amd64;C:\Users\Hi\.gradle\native\5664cfc778a61ccfe75a443a1ab52a65af34e5dc3c78e0209fed803814484fcb\windows-amd64

VM Arguments:
jvm_args: --add-opens=java.base/java.util=ALL-UNNAMED --add-opens=java.base/java.lang=ALL-UNNAMED --add-opens=java.base/java.lang.invoke=ALL-UNNAMED --add-opens=java.base/java.util=ALL-UNNAMED --add-opens=java.prefs/java.util.prefs=ALL-UNNAMED --add-opens=java.prefs/java.util.prefs=ALL-UNNAMED --add-opens=java.base/java.nio.charset=ALL-UNNAMED --add-opens=java.base/java.net=ALL-UNNAMED --add-opens=java.base/java.util.concurrent.atomic=ALL-UNNAMED -Xmx2048m -Dfile.encoding=UTF-8 -Duser.country=IN -Duser.language=en -Duser.variant 
java_command: org.gradle.launcher.daemon.bootstrap.GradleDaemon 7.2
java_class_path (initial): C:\Users\Hi\.gradle\wrapper\dists\gradle-7.2-bin\2dnblmf4td7x66yl1d74lt32g\gradle-7.2\lib\gradle-launcher-7.2.jar
Launcher Type: SUN_STANDARD

[Global flags]
     intx CICompilerCount                          = 3                                         {product} {ergonomic}
     uint ConcGCThreads                            = 1                                         {product} {ergonomic}
     uint G1ConcRefinementThreads                  = 4                                         {product} {ergonomic}
   size_t G1HeapRegionSize                         = 1048576                                   {product} {ergonomic}
    uintx GCDrainStackTargetSize                   = 64                                        {product} {ergonomic}
   size_t InitialHeapSize                          = 134217728                                 {product} {ergonomic}
   size_t MarkStackSize                            = 4194304                                   {product} {ergonomic}
   size_t MaxHeapSize                              = 2147483648                                {product} {command line}
   size_t MaxNewSize                               = 1287651328                                {product} {ergonomic}
   size_t MinHeapDeltaBytes                        = 1048576                                   {product} {ergonomic}
    uintx NonNMethodCodeHeapSize                   = 5830732                                {pd product} {ergonomic}
    uintx NonProfiledCodeHeapSize                  = 122913754                              {pd product} {ergonomic}
    uintx ProfiledCodeHeapSize                     = 122913754                              {pd product} {ergonomic}
    uintx ReservedCodeCacheSize                    = 251658240                              {pd product} {ergonomic}
     bool SegmentedCodeCache                       = true                                      {product} {ergonomic}
     bool UseCompressedClassPointers               = true                                 {lp64_product} {ergonomic}
     bool UseCompressedOops                        = true                                 {lp64_product} {ergonomic}
     bool UseG1GC                                  = true                                      {product} {ergonomic}
     bool UseLargePagesIndividualAllocation        = false                                  {pd product} {ergonomic}

Logging:
Log output configuration:
 #0: stdout all=warning uptime,level,tags
 #1: stderr all=off uptime,level,tags

Environment Variables:
PATH=C:\WINDOWS\system32;C:\WINDOWS;C:\WINDOWS\System32\Wbem;C:\WINDOWS\System32\WindowsPowerShell\v1.0\;C:\WINDOWS\System32\OpenSSH\;C:\Program Files\Git\cmd;C:\Users\Hi\AppData\Local\Microsoft\WindowsApps;;C:\Program Files\JetBrains\IntelliJ IDEA Community Edition 2021.3.3\bin;
USERNAME=Hi
OS=Windows_NT
PROCESSOR_IDENTIFIER=Intel64 Family 6 Model 61 Stepping 4, GenuineIntel



---------------  S Y S T E M  ---------------

OS: Windows 10 , 64 bit Build 19041 (10.0.19041.1645)
OS uptime: 3 days 17:59 hours

CPU:total 4 (initial active 4) (2 cores per cpu, 2 threads per core) family 6 model 61 stepping 4 microcode 0x2d, cmov, cx8, fxsr, mmx, sse, sse2, sse3, ssse3, sse4.1, sse4.2, popcnt, avx, avx2, aes, clmul, erms, rtm, 3dnowpref, lzcnt, ht, tsc, tscinvbit, bmi1, bmi2, adx, fma

Memory: 4k page, system-wide physical 8067M (408M free)
TotalPageFile size 25630M (AvailPageFile size 5M)
current process WorkingSet (physical memory assigned to process): 486M, peak: 486M
current process commit charge ("private bytes"): 515M, peak: 516M

vm_info: OpenJDK 64-Bit Server VM (11.0.11+9-b60-7590822) for windows-amd64 JRE (11.0.11+9-b60-7590822), built on Jul 29 2021 21:43:44 by "builder" with MS VC++ 14.0 (VS2015)

END.
